2025-10-12 16:29:29,590 [INFO] Connectivity test HTTP 200
2025-10-12 16:29:29,591 [INFO] Console ready. Type: start / stop / status / reset_losses / exit
2025-10-12 16:29:29,591 [INFO] Bot started (demo-mode). INST=SOL-USDT-SWAP LEVERAGE=3x PHP_PER_TRADE=500
2025-10-12 16:32:12,665 [INFO] Bot set to RUNNING.
2025-10-12 16:32:15,030 [ERROR] Unexpected error in main loop: 6 columns passed, passed data had 9 columns
Traceback (most recent call last):
  File "C:\Users\Chan\AppData\Local\Programs\Python\Python313\Lib\site-packages\pandas\core\internals\construction.py", line 939, in _finalize_columns_and_data
    columns = _validate_or_indexify_columns(contents, columns)
  File "C:\Users\Chan\AppData\Local\Programs\Python\Python313\Lib\site-packages\pandas\core\internals\construction.py", line 986, in _validate_or_indexify_columns
    raise AssertionError(
    ...<2 lines>...
    )
AssertionError: 6 columns passed, passed data had 9 columns

The above exception was the direct cause of the following exception:

Traceback (most recent call last):
  File "c:\Users\Chan\Documents\ghosttrader0123\trial.py", line 507, in main_loop
    short_df = fetch_candles(INST_ID, BAR_SHORT, limit=100)
  File "c:\Users\Chan\Documents\ghosttrader0123\trial.py", line 204, in fetch_candles
    df = pd.DataFrame(raw, columns=['ts', 'open', 'high', 'low', 'close', 'vol'])
  File "C:\Users\Chan\AppData\Local\Programs\Python\Python313\Lib\site-packages\pandas\core\frame.py", line 855, in __init__
    arrays, columns, index = nested_data_to_arrays(
                             ~~~~~~~~~~~~~~~~~~~~~^
        # error: Argument 3 to "nested_data_to_arrays" has incompatible
        ^^^^^^^^^^^^^^^^^^^^^^^^^^^^^^^^^^^^^^^^^^^^^^^^^^^^^^^^^^^^^^^
    ...<4 lines>...
        dtype,
        ^^^^^^
    )
    ^
  File "C:\Users\Chan\AppData\Local\Programs\Python\Python313\Lib\site-packages\pandas\core\internals\construction.py", line 520, in nested_data_to_arrays
    arrays, columns = to_arrays(data, columns, dtype=dtype)
                      ~~~~~~~~~^^^^^^^^^^^^^^^^^^^^^^^^^^^^
  File "C:\Users\Chan\AppData\Local\Programs\Python\Python313\Lib\site-packages\pandas\core\internals\construction.py", line 845, in to_arrays
    content, columns = _finalize_columns_and_data(arr, columns, dtype)
                       ~~~~~~~~~~~~~~~~~~~~~~~~~~^^^^^^^^^^^^^^^^^^^^^
  File "C:\Users\Chan\AppData\Local\Programs\Python\Python313\Lib\site-packages\pandas\core\internals\construction.py", line 942, in _finalize_columns_and_data
    raise ValueError(err) from err
ValueError: 6 columns passed, passed data had 9 columns
2025-10-12 16:33:17,121 [ERROR] Unexpected error in main loop: 6 columns passed, passed data had 9 columns
Traceback (most recent call last):
  File "C:\Users\Chan\AppData\Local\Programs\Python\Python313\Lib\site-packages\pandas\core\internals\construction.py", line 939, in _finalize_columns_and_data
    columns = _validate_or_indexify_columns(contents, columns)
  File "C:\Users\Chan\AppData\Local\Programs\Python\Python313\Lib\site-packages\pandas\core\internals\construction.py", line 986, in _validate_or_indexify_columns
    raise AssertionError(
    ...<2 lines>...
    )
AssertionError: 6 columns passed, passed data had 9 columns

The above exception was the direct cause of the following exception:

Traceback (most recent call last):
  File "c:\Users\Chan\Documents\ghosttrader0123\trial.py", line 507, in main_loop
    short_df = fetch_candles(INST_ID, BAR_SHORT, limit=100)
  File "c:\Users\Chan\Documents\ghosttrader0123\trial.py", line 204, in fetch_candles
    df = pd.DataFrame(raw, columns=['ts', 'open', 'high', 'low', 'close', 'vol'])
  File "C:\Users\Chan\AppData\Local\Programs\Python\Python313\Lib\site-packages\pandas\core\frame.py", line 855, in __init__
    arrays, columns, index = nested_data_to_arrays(
                             ~~~~~~~~~~~~~~~~~~~~~^
        # error: Argument 3 to "nested_data_to_arrays" has incompatible
        ^^^^^^^^^^^^^^^^^^^^^^^^^^^^^^^^^^^^^^^^^^^^^^^^^^^^^^^^^^^^^^^
    ...<4 lines>...
        dtype,
        ^^^^^^
    )
    ^
  File "C:\Users\Chan\AppData\Local\Programs\Python\Python313\Lib\site-packages\pandas\core\internals\construction.py", line 520, in nested_data_to_arrays
    arrays, columns = to_arrays(data, columns, dtype=dtype)
                      ~~~~~~~~~^^^^^^^^^^^^^^^^^^^^^^^^^^^^
  File "C:\Users\Chan\AppData\Local\Programs\Python\Python313\Lib\site-packages\pandas\core\internals\construction.py", line 845, in to_arrays
    content, columns = _finalize_columns_and_data(arr, columns, dtype)
                       ~~~~~~~~~~~~~~~~~~~~~~~~~~^^^^^^^^^^^^^^^^^^^^^
  File "C:\Users\Chan\AppData\Local\Programs\Python\Python313\Lib\site-packages\pandas\core\internals\construction.py", line 942, in _finalize_columns_and_data
    raise ValueError(err) from err
ValueError: 6 columns passed, passed data had 9 columns
2025-10-12 16:34:19,165 [ERROR] Unexpected error in main loop: 6 columns passed, passed data had 9 columns
Traceback (most recent call last):
  File "C:\Users\Chan\AppData\Local\Programs\Python\Python313\Lib\site-packages\pandas\core\internals\construction.py", line 939, in _finalize_columns_and_data
    columns = _validate_or_indexify_columns(contents, columns)
  File "C:\Users\Chan\AppData\Local\Programs\Python\Python313\Lib\site-packages\pandas\core\internals\construction.py", line 986, in _validate_or_indexify_columns
    raise AssertionError(
    ...<2 lines>...
    )
AssertionError: 6 columns passed, passed data had 9 columns

The above exception was the direct cause of the following exception:

Traceback (most recent call last):
  File "c:\Users\Chan\Documents\ghosttrader0123\trial.py", line 507, in main_loop
    short_df = fetch_candles(INST_ID, BAR_SHORT, limit=100)
  File "c:\Users\Chan\Documents\ghosttrader0123\trial.py", line 204, in fetch_candles
    df = pd.DataFrame(raw, columns=['ts', 'open', 'high', 'low', 'close', 'vol'])
  File "C:\Users\Chan\AppData\Local\Programs\Python\Python313\Lib\site-packages\pandas\core\frame.py", line 855, in __init__
    arrays, columns, index = nested_data_to_arrays(
                             ~~~~~~~~~~~~~~~~~~~~~^
        # error: Argument 3 to "nested_data_to_arrays" has incompatible
        ^^^^^^^^^^^^^^^^^^^^^^^^^^^^^^^^^^^^^^^^^^^^^^^^^^^^^^^^^^^^^^^
    ...<4 lines>...
        dtype,
        ^^^^^^
    )
    ^
  File "C:\Users\Chan\AppData\Local\Programs\Python\Python313\Lib\site-packages\pandas\core\internals\construction.py", line 520, in nested_data_to_arrays
    arrays, columns = to_arrays(data, columns, dtype=dtype)
                      ~~~~~~~~~^^^^^^^^^^^^^^^^^^^^^^^^^^^^
  File "C:\Users\Chan\AppData\Local\Programs\Python\Python313\Lib\site-packages\pandas\core\internals\construction.py", line 845, in to_arrays
    content, columns = _finalize_columns_and_data(arr, columns, dtype)
                       ~~~~~~~~~~~~~~~~~~~~~~~~~~^^^^^^^^^^^^^^^^^^^^^
  File "C:\Users\Chan\AppData\Local\Programs\Python\Python313\Lib\site-packages\pandas\core\internals\construction.py", line 942, in _finalize_columns_and_data
    raise ValueError(err) from err
ValueError: 6 columns passed, passed data had 9 columns
2025-10-12 16:35:19,155 [INFO] Unknown command: & c:/users/chan/appdata/local/programs/python/python313/python.exe c:/users/chan/documents/ghosttrader0123/trial.py
2025-10-12 16:35:21,442 [ERROR] Unexpected error in main loop: 6 columns passed, passed data had 9 columns
Traceback (most recent call last):
  File "C:\Users\Chan\AppData\Local\Programs\Python\Python313\Lib\site-packages\pandas\core\internals\construction.py", line 939, in _finalize_columns_and_data
    columns = _validate_or_indexify_columns(contents, columns)
  File "C:\Users\Chan\AppData\Local\Programs\Python\Python313\Lib\site-packages\pandas\core\internals\construction.py", line 986, in _validate_or_indexify_columns
    raise AssertionError(
    ...<2 lines>...
    )
AssertionError: 6 columns passed, passed data had 9 columns

The above exception was the direct cause of the following exception:

Traceback (most recent call last):
  File "c:\Users\Chan\Documents\ghosttrader0123\trial.py", line 507, in main_loop
    pass
    
  File "c:\Users\Chan\Documents\ghosttrader0123\trial.py", line 204, in fetch_candles
  File "C:\Users\Chan\AppData\Local\Programs\Python\Python313\Lib\site-packages\pandas\core\frame.py", line 855, in __init__
    arrays, columns, index = nested_data_to_arrays(
                             ~~~~~~~~~~~~~~~~~~~~~^
        # error: Argument 3 to "nested_data_to_arrays" has incompatible
        ^^^^^^^^^^^^^^^^^^^^^^^^^^^^^^^^^^^^^^^^^^^^^^^^^^^^^^^^^^^^^^^
    ...<4 lines>...
        dtype,
        ^^^^^^
    )
    ^
  File "C:\Users\Chan\AppData\Local\Programs\Python\Python313\Lib\site-packages\pandas\core\internals\construction.py", line 520, in nested_data_to_arrays
    arrays, columns = to_arrays(data, columns, dtype=dtype)
                      ~~~~~~~~~^^^^^^^^^^^^^^^^^^^^^^^^^^^^
  File "C:\Users\Chan\AppData\Local\Programs\Python\Python313\Lib\site-packages\pandas\core\internals\construction.py", line 845, in to_arrays
    content, columns = _finalize_columns_and_data(arr, columns, dtype)
                       ~~~~~~~~~~~~~~~~~~~~~~~~~~^^^^^^^^^^^^^^^^^^^^^
  File "C:\Users\Chan\AppData\Local\Programs\Python\Python313\Lib\site-packages\pandas\core\internals\construction.py", line 942, in _finalize_columns_and_data
    raise ValueError(err) from err
ValueError: 6 columns passed, passed data had 9 columns
2025-10-12 16:36:21,456 [INFO] Unknown command: & c:/users/chan/appdata/local/programs/python/python313/python.exe c:/users/chan/documents/ghosttrader0123/trial.py
2025-10-12 16:36:23,784 [ERROR] Unexpected error in main loop: 6 columns passed, passed data had 9 columns
Traceback (most recent call last):
  File "C:\Users\Chan\AppData\Local\Programs\Python\Python313\Lib\site-packages\pandas\core\internals\construction.py", line 939, in _finalize_columns_and_data
    columns = _validate_or_indexify_columns(contents, columns)
  File "C:\Users\Chan\AppData\Local\Programs\Python\Python313\Lib\site-packages\pandas\core\internals\construction.py", line 986, in _validate_or_indexify_columns
    raise AssertionError(
    ...<2 lines>...
    )
AssertionError: 6 columns passed, passed data had 9 columns

The above exception was the direct cause of the following exception:

Traceback (most recent call last):
  File "c:\Users\Chan\Documents\ghosttrader0123\trial.py", line 507, in main_loop
    pass
    
  File "c:\Users\Chan\Documents\ghosttrader0123\trial.py", line 204, in fetch_candles
  File "C:\Users\Chan\AppData\Local\Programs\Python\Python313\Lib\site-packages\pandas\core\frame.py", line 855, in __init__
    arrays, columns, index = nested_data_to_arrays(
                             ~~~~~~~~~~~~~~~~~~~~~^
        # error: Argument 3 to "nested_data_to_arrays" has incompatible
        ^^^^^^^^^^^^^^^^^^^^^^^^^^^^^^^^^^^^^^^^^^^^^^^^^^^^^^^^^^^^^^^
    ...<4 lines>...
        dtype,
        ^^^^^^
    )
    ^
  File "C:\Users\Chan\AppData\Local\Programs\Python\Python313\Lib\site-packages\pandas\core\internals\construction.py", line 520, in nested_data_to_arrays
    arrays, columns = to_arrays(data, columns, dtype=dtype)
                      ~~~~~~~~~^^^^^^^^^^^^^^^^^^^^^^^^^^^^
  File "C:\Users\Chan\AppData\Local\Programs\Python\Python313\Lib\site-packages\pandas\core\internals\construction.py", line 845, in to_arrays
    content, columns = _finalize_columns_and_data(arr, columns, dtype)
                       ~~~~~~~~~~~~~~~~~~~~~~~~~~^^^^^^^^^^^^^^^^^^^^^
  File "C:\Users\Chan\AppData\Local\Programs\Python\Python313\Lib\site-packages\pandas\core\internals\construction.py", line 942, in _finalize_columns_and_data
    raise ValueError(err) from err
ValueError: 6 columns passed, passed data had 9 columns
2025-10-12 16:37:26,099 [ERROR] Unexpected error in main loop: 6 columns passed, passed data had 9 columns
Traceback (most recent call last):
  File "C:\Users\Chan\AppData\Local\Programs\Python\Python313\Lib\site-packages\pandas\core\internals\construction.py", line 939, in _finalize_columns_and_data
    columns = _validate_or_indexify_columns(contents, columns)
  File "C:\Users\Chan\AppData\Local\Programs\Python\Python313\Lib\site-packages\pandas\core\internals\construction.py", line 986, in _validate_or_indexify_columns
    raise AssertionError(
    ...<2 lines>...
    )
AssertionError: 6 columns passed, passed data had 9 columns

The above exception was the direct cause of the following exception:

Traceback (most recent call last):
  File "c:\Users\Chan\Documents\ghosttrader0123\trial.py", line 507, in main_loop
    pass
    
  File "c:\Users\Chan\Documents\ghosttrader0123\trial.py", line 204, in fetch_candles
  File "C:\Users\Chan\AppData\Local\Programs\Python\Python313\Lib\site-packages\pandas\core\frame.py", line 855, in __init__
    arrays, columns, index = nested_data_to_arrays(
                             ~~~~~~~~~~~~~~~~~~~~~^
        # error: Argument 3 to "nested_data_to_arrays" has incompatible
        ^^^^^^^^^^^^^^^^^^^^^^^^^^^^^^^^^^^^^^^^^^^^^^^^^^^^^^^^^^^^^^^
    ...<4 lines>...
        dtype,
        ^^^^^^
    )
    ^
  File "C:\Users\Chan\AppData\Local\Programs\Python\Python313\Lib\site-packages\pandas\core\internals\construction.py", line 520, in nested_data_to_arrays
    arrays, columns = to_arrays(data, columns, dtype=dtype)
                      ~~~~~~~~~^^^^^^^^^^^^^^^^^^^^^^^^^^^^
  File "C:\Users\Chan\AppData\Local\Programs\Python\Python313\Lib\site-packages\pandas\core\internals\construction.py", line 845, in to_arrays
    content, columns = _finalize_columns_and_data(arr, columns, dtype)
                       ~~~~~~~~~~~~~~~~~~~~~~~~~~^^^^^^^^^^^^^^^^^^^^^
  File "C:\Users\Chan\AppData\Local\Programs\Python\Python313\Lib\site-packages\pandas\core\internals\construction.py", line 942, in _finalize_columns_and_data
    raise ValueError(err) from err
ValueError: 6 columns passed, passed data had 9 columns
2025-10-12 16:38:28,017 [ERROR] Unexpected error in main loop: 6 columns passed, passed data had 9 columns
Traceback (most recent call last):
  File "C:\Users\Chan\AppData\Local\Programs\Python\Python313\Lib\site-packages\pandas\core\internals\construction.py", line 939, in _finalize_columns_and_data
    columns = _validate_or_indexify_columns(contents, columns)
  File "C:\Users\Chan\AppData\Local\Programs\Python\Python313\Lib\site-packages\pandas\core\internals\construction.py", line 986, in _validate_or_indexify_columns
    raise AssertionError(
    ...<2 lines>...
    )
AssertionError: 6 columns passed, passed data had 9 columns

The above exception was the direct cause of the following exception:

Traceback (most recent call last):
  File "c:\Users\Chan\Documents\ghosttrader0123\trial.py", line 507, in main_loop
    pass
    
  File "c:\Users\Chan\Documents\ghosttrader0123\trial.py", line 204, in fetch_candles
  File "C:\Users\Chan\AppData\Local\Programs\Python\Python313\Lib\site-packages\pandas\core\frame.py", line 855, in __init__
    arrays, columns, index = nested_data_to_arrays(
                             ~~~~~~~~~~~~~~~~~~~~~^
        # error: Argument 3 to "nested_data_to_arrays" has incompatible
        ^^^^^^^^^^^^^^^^^^^^^^^^^^^^^^^^^^^^^^^^^^^^^^^^^^^^^^^^^^^^^^^
    ...<4 lines>...
        dtype,
        ^^^^^^
    )
    ^
  File "C:\Users\Chan\AppData\Local\Programs\Python\Python313\Lib\site-packages\pandas\core\internals\construction.py", line 520, in nested_data_to_arrays
    arrays, columns = to_arrays(data, columns, dtype=dtype)
                      ~~~~~~~~~^^^^^^^^^^^^^^^^^^^^^^^^^^^^
  File "C:\Users\Chan\AppData\Local\Programs\Python\Python313\Lib\site-packages\pandas\core\internals\construction.py", line 845, in to_arrays
    content, columns = _finalize_columns_and_data(arr, columns, dtype)
                       ~~~~~~~~~~~~~~~~~~~~~~~~~~^^^^^^^^^^^^^^^^^^^^^
  File "C:\Users\Chan\AppData\Local\Programs\Python\Python313\Lib\site-packages\pandas\core\internals\construction.py", line 942, in _finalize_columns_and_data
    raise ValueError(err) from err
ValueError: 6 columns passed, passed data had 9 columns
2025-10-12 16:39:28,007 [INFO] Unknown command: & c:/users/chan/appdata/local/programs/python/python313/python.exe c:/users/chan/documents/ghosttrader0123/trial.py
2025-10-12 16:39:30,223 [ERROR] Unexpected error in main loop: 6 columns passed, passed data had 9 columns
Traceback (most recent call last):
  File "C:\Users\Chan\AppData\Local\Programs\Python\Python313\Lib\site-packages\pandas\core\internals\construction.py", line 939, in _finalize_columns_and_data
    columns = _validate_or_indexify_columns(contents, columns)
  File "C:\Users\Chan\AppData\Local\Programs\Python\Python313\Lib\site-packages\pandas\core\internals\construction.py", line 986, in _validate_or_indexify_columns
    raise AssertionError(
    ...<2 lines>...
    )
AssertionError: 6 columns passed, passed data had 9 columns

The above exception was the direct cause of the following exception:

Traceback (most recent call last):
  File "c:\Users\Chan\Documents\ghosttrader0123\trial.py", line 507, in main_loop
    break
    
  File "c:\Users\Chan\Documents\ghosttrader0123\trial.py", line 204, in fetch_candles
  File "C:\Users\Chan\AppData\Local\Programs\Python\Python313\Lib\site-packages\pandas\core\frame.py", line 855, in __init__
    arrays, columns, index = nested_data_to_arrays(
                             ~~~~~~~~~~~~~~~~~~~~~^
        # error: Argument 3 to "nested_data_to_arrays" has incompatible
        ^^^^^^^^^^^^^^^^^^^^^^^^^^^^^^^^^^^^^^^^^^^^^^^^^^^^^^^^^^^^^^^
    ...<4 lines>...
        dtype,
        ^^^^^^
    )
    ^
  File "C:\Users\Chan\AppData\Local\Programs\Python\Python313\Lib\site-packages\pandas\core\internals\construction.py", line 520, in nested_data_to_arrays
    arrays, columns = to_arrays(data, columns, dtype=dtype)
                      ~~~~~~~~~^^^^^^^^^^^^^^^^^^^^^^^^^^^^
  File "C:\Users\Chan\AppData\Local\Programs\Python\Python313\Lib\site-packages\pandas\core\internals\construction.py", line 845, in to_arrays
    content, columns = _finalize_columns_and_data(arr, columns, dtype)
                       ~~~~~~~~~~~~~~~~~~~~~~~~~~^^^^^^^^^^^^^^^^^^^^^
  File "C:\Users\Chan\AppData\Local\Programs\Python\Python313\Lib\site-packages\pandas\core\internals\construction.py", line 942, in _finalize_columns_and_data
    raise ValueError(err) from err
ValueError: 6 columns passed, passed data had 9 columns
2025-10-12 16:40:32,472 [ERROR] Unexpected error in main loop: 6 columns passed, passed data had 9 columns
Traceback (most recent call last):
  File "C:\Users\Chan\AppData\Local\Programs\Python\Python313\Lib\site-packages\pandas\core\internals\construction.py", line 939, in _finalize_columns_and_data
    columns = _validate_or_indexify_columns(contents, columns)
  File "C:\Users\Chan\AppData\Local\Programs\Python\Python313\Lib\site-packages\pandas\core\internals\construction.py", line 986, in _validate_or_indexify_columns
    raise AssertionError(
    ...<2 lines>...
    )
AssertionError: 6 columns passed, passed data had 9 columns

The above exception was the direct cause of the following exception:

Traceback (most recent call last):
  File "c:\Users\Chan\Documents\ghosttrader0123\trial.py", line 507, in main_loop
    break
    
  File "c:\Users\Chan\Documents\ghosttrader0123\trial.py", line 204, in fetch_candles
  File "C:\Users\Chan\AppData\Local\Programs\Python\Python313\Lib\site-packages\pandas\core\frame.py", line 855, in __init__
    arrays, columns, index = nested_data_to_arrays(
                             ~~~~~~~~~~~~~~~~~~~~~^
        # error: Argument 3 to "nested_data_to_arrays" has incompatible
        ^^^^^^^^^^^^^^^^^^^^^^^^^^^^^^^^^^^^^^^^^^^^^^^^^^^^^^^^^^^^^^^
    ...<4 lines>...
        dtype,
        ^^^^^^
    )
    ^
  File "C:\Users\Chan\AppData\Local\Programs\Python\Python313\Lib\site-packages\pandas\core\internals\construction.py", line 520, in nested_data_to_arrays
    arrays, columns = to_arrays(data, columns, dtype=dtype)
                      ~~~~~~~~~^^^^^^^^^^^^^^^^^^^^^^^^^^^^
  File "C:\Users\Chan\AppData\Local\Programs\Python\Python313\Lib\site-packages\pandas\core\internals\construction.py", line 845, in to_arrays
    content, columns = _finalize_columns_and_data(arr, columns, dtype)
                       ~~~~~~~~~~~~~~~~~~~~~~~~~~^^^^^^^^^^^^^^^^^^^^^
  File "C:\Users\Chan\AppData\Local\Programs\Python\Python313\Lib\site-packages\pandas\core\internals\construction.py", line 942, in _finalize_columns_and_data
    raise ValueError(err) from err
ValueError: 6 columns passed, passed data had 9 columns
2025-10-12 16:41:32,464 [INFO] Unknown command: & c:/users/chan/appdata/local/programs/python/python313/python.exe c:/users/chan/documents/ghosttrader0123/trial.py
2025-10-12 16:41:34,706 [ERROR] Unexpected error in main loop: 6 columns passed, passed data had 9 columns
Traceback (most recent call last):
  File "C:\Users\Chan\AppData\Local\Programs\Python\Python313\Lib\site-packages\pandas\core\internals\construction.py", line 939, in _finalize_columns_and_data
    columns = _validate_or_indexify_columns(contents, columns)
  File "C:\Users\Chan\AppData\Local\Programs\Python\Python313\Lib\site-packages\pandas\core\internals\construction.py", line 986, in _validate_or_indexify_columns
    raise AssertionError(
    ...<2 lines>...
    )
AssertionError: 6 columns passed, passed data had 9 columns

The above exception was the direct cause of the following exception:

Traceback (most recent call last):
  File "c:\Users\Chan\Documents\ghosttrader0123\trial.py", line 507, in main_loop
    break
    
  File "c:\Users\Chan\Documents\ghosttrader0123\trial.py", line 204, in fetch_candles
  File "C:\Users\Chan\AppData\Local\Programs\Python\Python313\Lib\site-packages\pandas\core\frame.py", line 855, in __init__
    arrays, columns, index = nested_data_to_arrays(
                             ~~~~~~~~~~~~~~~~~~~~~^
        # error: Argument 3 to "nested_data_to_arrays" has incompatible
        ^^^^^^^^^^^^^^^^^^^^^^^^^^^^^^^^^^^^^^^^^^^^^^^^^^^^^^^^^^^^^^^
    ...<4 lines>...
        dtype,
        ^^^^^^
    )
    ^
  File "C:\Users\Chan\AppData\Local\Programs\Python\Python313\Lib\site-packages\pandas\core\internals\construction.py", line 520, in nested_data_to_arrays
    arrays, columns = to_arrays(data, columns, dtype=dtype)
                      ~~~~~~~~~^^^^^^^^^^^^^^^^^^^^^^^^^^^^
  File "C:\Users\Chan\AppData\Local\Programs\Python\Python313\Lib\site-packages\pandas\core\internals\construction.py", line 845, in to_arrays
    content, columns = _finalize_columns_and_data(arr, columns, dtype)
                       ~~~~~~~~~~~~~~~~~~~~~~~~~~^^^^^^^^^^^^^^^^^^^^^
  File "C:\Users\Chan\AppData\Local\Programs\Python\Python313\Lib\site-packages\pandas\core\internals\construction.py", line 942, in _finalize_columns_and_data
    raise ValueError(err) from err
ValueError: 6 columns passed, passed data had 9 columns
2025-10-12 16:42:36,843 [ERROR] Unexpected error in main loop: 6 columns passed, passed data had 9 columns
Traceback (most recent call last):
  File "C:\Users\Chan\AppData\Local\Programs\Python\Python313\Lib\site-packages\pandas\core\internals\construction.py", line 939, in _finalize_columns_and_data
    columns = _validate_or_indexify_columns(contents, columns)
  File "C:\Users\Chan\AppData\Local\Programs\Python\Python313\Lib\site-packages\pandas\core\internals\construction.py", line 986, in _validate_or_indexify_columns
    raise AssertionError(
    ...<2 lines>...
    )
AssertionError: 6 columns passed, passed data had 9 columns

The above exception was the direct cause of the following exception:

Traceback (most recent call last):
  File "c:\Users\Chan\Documents\ghosttrader0123\trial.py", line 507, in main_loop
    break
    
  File "c:\Users\Chan\Documents\ghosttrader0123\trial.py", line 204, in fetch_candles
  File "C:\Users\Chan\AppData\Local\Programs\Python\Python313\Lib\site-packages\pandas\core\frame.py", line 855, in __init__
    arrays, columns, index = nested_data_to_arrays(
                             ~~~~~~~~~~~~~~~~~~~~~^
        # error: Argument 3 to "nested_data_to_arrays" has incompatible
        ^^^^^^^^^^^^^^^^^^^^^^^^^^^^^^^^^^^^^^^^^^^^^^^^^^^^^^^^^^^^^^^
    ...<4 lines>...
        dtype,
        ^^^^^^
    )
    ^
  File "C:\Users\Chan\AppData\Local\Programs\Python\Python313\Lib\site-packages\pandas\core\internals\construction.py", line 520, in nested_data_to_arrays
    arrays, columns = to_arrays(data, columns, dtype=dtype)
                      ~~~~~~~~~^^^^^^^^^^^^^^^^^^^^^^^^^^^^
  File "C:\Users\Chan\AppData\Local\Programs\Python\Python313\Lib\site-packages\pandas\core\internals\construction.py", line 845, in to_arrays
    content, columns = _finalize_columns_and_data(arr, columns, dtype)
                       ~~~~~~~~~~~~~~~~~~~~~~~~~~^^^^^^^^^^^^^^^^^^^^^
  File "C:\Users\Chan\AppData\Local\Programs\Python\Python313\Lib\site-packages\pandas\core\internals\construction.py", line 942, in _finalize_columns_and_data
    raise ValueError(err) from err
ValueError: 6 columns passed, passed data had 9 columns
2025-10-12 16:43:38,952 [ERROR] Unexpected error in main loop: 6 columns passed, passed data had 9 columns
Traceback (most recent call last):
  File "C:\Users\Chan\AppData\Local\Programs\Python\Python313\Lib\site-packages\pandas\core\internals\construction.py", line 939, in _finalize_columns_and_data
    columns = _validate_or_indexify_columns(contents, columns)
  File "C:\Users\Chan\AppData\Local\Programs\Python\Python313\Lib\site-packages\pandas\core\internals\construction.py", line 986, in _validate_or_indexify_columns
    raise AssertionError(
    ...<2 lines>...
    )
AssertionError: 6 columns passed, passed data had 9 columns

The above exception was the direct cause of the following exception:

Traceback (most recent call last):
  File "c:\Users\Chan\Documents\ghosttrader0123\trial.py", line 507, in main_loop
    break
    
  File "c:\Users\Chan\Documents\ghosttrader0123\trial.py", line 204, in fetch_candles
  File "C:\Users\Chan\AppData\Local\Programs\Python\Python313\Lib\site-packages\pandas\core\frame.py", line 855, in __init__
    arrays, columns, index = nested_data_to_arrays(
                             ~~~~~~~~~~~~~~~~~~~~~^
        # error: Argument 3 to "nested_data_to_arrays" has incompatible
        ^^^^^^^^^^^^^^^^^^^^^^^^^^^^^^^^^^^^^^^^^^^^^^^^^^^^^^^^^^^^^^^
    ...<4 lines>...
        dtype,
        ^^^^^^
    )
    ^
  File "C:\Users\Chan\AppData\Local\Programs\Python\Python313\Lib\site-packages\pandas\core\internals\construction.py", line 520, in nested_data_to_arrays
    arrays, columns = to_arrays(data, columns, dtype=dtype)
                      ~~~~~~~~~^^^^^^^^^^^^^^^^^^^^^^^^^^^^
  File "C:\Users\Chan\AppData\Local\Programs\Python\Python313\Lib\site-packages\pandas\core\internals\construction.py", line 845, in to_arrays
    content, columns = _finalize_columns_and_data(arr, columns, dtype)
                       ~~~~~~~~~~~~~~~~~~~~~~~~~~^^^^^^^^^^^^^^^^^^^^^
  File "C:\Users\Chan\AppData\Local\Programs\Python\Python313\Lib\site-packages\pandas\core\internals\construction.py", line 942, in _finalize_columns_and_data
    raise ValueError(err) from err
ValueError: 6 columns passed, passed data had 9 columns
2025-10-12 16:44:38,946 [INFO] Unknown command: & c:/users/chan/appdata/local/programs/python/python313/python.exe c:/users/chan/documents/ghosttrader0123/trial.py
2025-10-12 16:44:41,133 [ERROR] Unexpected error in main loop: 6 columns passed, passed data had 9 columns
Traceback (most recent call last):
  File "C:\Users\Chan\AppData\Local\Programs\Python\Python313\Lib\site-packages\pandas\core\internals\construction.py", line 939, in _finalize_columns_and_data
    columns = _validate_or_indexify_columns(contents, columns)
  File "C:\Users\Chan\AppData\Local\Programs\Python\Python313\Lib\site-packages\pandas\core\internals\construction.py", line 986, in _validate_or_indexify_columns
    raise AssertionError(
    ...<2 lines>...
    )
AssertionError: 6 columns passed, passed data had 9 columns

The above exception was the direct cause of the following exception:

Traceback (most recent call last):
  File "c:\Users\Chan\Documents\ghosttrader0123\trial.py", line 507, in main_loop
    break
    
  File "c:\Users\Chan\Documents\ghosttrader0123\trial.py", line 204, in fetch_candles
  File "C:\Users\Chan\AppData\Local\Programs\Python\Python313\Lib\site-packages\pandas\core\frame.py", line 855, in __init__
    arrays, columns, index = nested_data_to_arrays(
                             ~~~~~~~~~~~~~~~~~~~~~^
        # error: Argument 3 to "nested_data_to_arrays" has incompatible
        ^^^^^^^^^^^^^^^^^^^^^^^^^^^^^^^^^^^^^^^^^^^^^^^^^^^^^^^^^^^^^^^
    ...<4 lines>...
        dtype,
        ^^^^^^
    )
    ^
  File "C:\Users\Chan\AppData\Local\Programs\Python\Python313\Lib\site-packages\pandas\core\internals\construction.py", line 520, in nested_data_to_arrays
    arrays, columns = to_arrays(data, columns, dtype=dtype)
                      ~~~~~~~~~^^^^^^^^^^^^^^^^^^^^^^^^^^^^
  File "C:\Users\Chan\AppData\Local\Programs\Python\Python313\Lib\site-packages\pandas\core\internals\construction.py", line 845, in to_arrays
    content, columns = _finalize_columns_and_data(arr, columns, dtype)
                       ~~~~~~~~~~~~~~~~~~~~~~~~~~^^^^^^^^^^^^^^^^^^^^^
  File "C:\Users\Chan\AppData\Local\Programs\Python\Python313\Lib\site-packages\pandas\core\internals\construction.py", line 942, in _finalize_columns_and_data
    raise ValueError(err) from err
ValueError: 6 columns passed, passed data had 9 columns
2025-10-12 16:45:43,176 [ERROR] Unexpected error in main loop: 6 columns passed, passed data had 9 columns
Traceback (most recent call last):
  File "C:\Users\Chan\AppData\Local\Programs\Python\Python313\Lib\site-packages\pandas\core\internals\construction.py", line 939, in _finalize_columns_and_data
    columns = _validate_or_indexify_columns(contents, columns)
  File "C:\Users\Chan\AppData\Local\Programs\Python\Python313\Lib\site-packages\pandas\core\internals\construction.py", line 986, in _validate_or_indexify_columns
    raise AssertionError(
    ...<2 lines>...
    )
AssertionError: 6 columns passed, passed data had 9 columns

The above exception was the direct cause of the following exception:

Traceback (most recent call last):
  File "c:\Users\Chan\Documents\ghosttrader0123\trial.py", line 507, in main_loop
    break
    
  File "c:\Users\Chan\Documents\ghosttrader0123\trial.py", line 204, in fetch_candles
  File "C:\Users\Chan\AppData\Local\Programs\Python\Python313\Lib\site-packages\pandas\core\frame.py", line 855, in __init__
    arrays, columns, index = nested_data_to_arrays(
                             ~~~~~~~~~~~~~~~~~~~~~^
        # error: Argument 3 to "nested_data_to_arrays" has incompatible
        ^^^^^^^^^^^^^^^^^^^^^^^^^^^^^^^^^^^^^^^^^^^^^^^^^^^^^^^^^^^^^^^
    ...<4 lines>...
        dtype,
        ^^^^^^
    )
    ^
  File "C:\Users\Chan\AppData\Local\Programs\Python\Python313\Lib\site-packages\pandas\core\internals\construction.py", line 520, in nested_data_to_arrays
    arrays, columns = to_arrays(data, columns, dtype=dtype)
                      ~~~~~~~~~^^^^^^^^^^^^^^^^^^^^^^^^^^^^
  File "C:\Users\Chan\AppData\Local\Programs\Python\Python313\Lib\site-packages\pandas\core\internals\construction.py", line 845, in to_arrays
    content, columns = _finalize_columns_and_data(arr, columns, dtype)
                       ~~~~~~~~~~~~~~~~~~~~~~~~~~^^^^^^^^^^^^^^^^^^^^^
  File "C:\Users\Chan\AppData\Local\Programs\Python\Python313\Lib\site-packages\pandas\core\internals\construction.py", line 942, in _finalize_columns_and_data
    raise ValueError(err) from err
ValueError: 6 columns passed, passed data had 9 columns
2025-10-12 16:46:45,245 [ERROR] Unexpected error in main loop: 6 columns passed, passed data had 9 columns
Traceback (most recent call last):
  File "C:\Users\Chan\AppData\Local\Programs\Python\Python313\Lib\site-packages\pandas\core\internals\construction.py", line 939, in _finalize_columns_and_data
    columns = _validate_or_indexify_columns(contents, columns)
  File "C:\Users\Chan\AppData\Local\Programs\Python\Python313\Lib\site-packages\pandas\core\internals\construction.py", line 986, in _validate_or_indexify_columns
    raise AssertionError(
    ...<2 lines>...
    )
AssertionError: 6 columns passed, passed data had 9 columns

The above exception was the direct cause of the following exception:

Traceback (most recent call last):
  File "c:\Users\Chan\Documents\ghosttrader0123\trial.py", line 507, in main_loop
    break
    
  File "c:\Users\Chan\Documents\ghosttrader0123\trial.py", line 204, in fetch_candles
  File "C:\Users\Chan\AppData\Local\Programs\Python\Python313\Lib\site-packages\pandas\core\frame.py", line 855, in __init__
    arrays, columns, index = nested_data_to_arrays(
                             ~~~~~~~~~~~~~~~~~~~~~^
        # error: Argument 3 to "nested_data_to_arrays" has incompatible
        ^^^^^^^^^^^^^^^^^^^^^^^^^^^^^^^^^^^^^^^^^^^^^^^^^^^^^^^^^^^^^^^
    ...<4 lines>...
        dtype,
        ^^^^^^
    )
    ^
  File "C:\Users\Chan\AppData\Local\Programs\Python\Python313\Lib\site-packages\pandas\core\internals\construction.py", line 520, in nested_data_to_arrays
    arrays, columns = to_arrays(data, columns, dtype=dtype)
                      ~~~~~~~~~^^^^^^^^^^^^^^^^^^^^^^^^^^^^
  File "C:\Users\Chan\AppData\Local\Programs\Python\Python313\Lib\site-packages\pandas\core\internals\construction.py", line 845, in to_arrays
    content, columns = _finalize_columns_and_data(arr, columns, dtype)
                       ~~~~~~~~~~~~~~~~~~~~~~~~~~^^^^^^^^^^^^^^^^^^^^^
  File "C:\Users\Chan\AppData\Local\Programs\Python\Python313\Lib\site-packages\pandas\core\internals\construction.py", line 942, in _finalize_columns_and_data
    raise ValueError(err) from err
ValueError: 6 columns passed, passed data had 9 columns
2025-10-12 16:47:47,108 [ERROR] Unexpected error in main loop: 6 columns passed, passed data had 9 columns
Traceback (most recent call last):
  File "C:\Users\Chan\AppData\Local\Programs\Python\Python313\Lib\site-packages\pandas\core\internals\construction.py", line 939, in _finalize_columns_and_data
    columns = _validate_or_indexify_columns(contents, columns)
  File "C:\Users\Chan\AppData\Local\Programs\Python\Python313\Lib\site-packages\pandas\core\internals\construction.py", line 986, in _validate_or_indexify_columns
    raise AssertionError(
    ...<2 lines>...
    )
AssertionError: 6 columns passed, passed data had 9 columns

The above exception was the direct cause of the following exception:

Traceback (most recent call last):
  File "c:\Users\Chan\Documents\ghosttrader0123\trial.py", line 507, in main_loop
    break
    
  File "c:\Users\Chan\Documents\ghosttrader0123\trial.py", line 204, in fetch_candles
  File "C:\Users\Chan\AppData\Local\Programs\Python\Python313\Lib\site-packages\pandas\core\frame.py", line 855, in __init__
    arrays, columns, index = nested_data_to_arrays(
                             ~~~~~~~~~~~~~~~~~~~~~^
        # error: Argument 3 to "nested_data_to_arrays" has incompatible
        ^^^^^^^^^^^^^^^^^^^^^^^^^^^^^^^^^^^^^^^^^^^^^^^^^^^^^^^^^^^^^^^
    ...<4 lines>...
        dtype,
        ^^^^^^
    )
    ^
  File "C:\Users\Chan\AppData\Local\Programs\Python\Python313\Lib\site-packages\pandas\core\internals\construction.py", line 520, in nested_data_to_arrays
    arrays, columns = to_arrays(data, columns, dtype=dtype)
                      ~~~~~~~~~^^^^^^^^^^^^^^^^^^^^^^^^^^^^
  File "C:\Users\Chan\AppData\Local\Programs\Python\Python313\Lib\site-packages\pandas\core\internals\construction.py", line 845, in to_arrays
    content, columns = _finalize_columns_and_data(arr, columns, dtype)
                       ~~~~~~~~~~~~~~~~~~~~~~~~~~^^^^^^^^^^^^^^^^^^^^^
  File "C:\Users\Chan\AppData\Local\Programs\Python\Python313\Lib\site-packages\pandas\core\internals\construction.py", line 942, in _finalize_columns_and_data
    raise ValueError(err) from err
ValueError: 6 columns passed, passed data had 9 columns
2025-10-12 16:48:49,104 [ERROR] Unexpected error in main loop: 6 columns passed, passed data had 9 columns
Traceback (most recent call last):
  File "C:\Users\Chan\AppData\Local\Programs\Python\Python313\Lib\site-packages\pandas\core\internals\construction.py", line 939, in _finalize_columns_and_data
    columns = _validate_or_indexify_columns(contents, columns)
  File "C:\Users\Chan\AppData\Local\Programs\Python\Python313\Lib\site-packages\pandas\core\internals\construction.py", line 986, in _validate_or_indexify_columns
    raise AssertionError(
    ...<2 lines>...
    )
AssertionError: 6 columns passed, passed data had 9 columns

The above exception was the direct cause of the following exception:

Traceback (most recent call last):
  File "c:\Users\Chan\Documents\ghosttrader0123\trial.py", line 507, in main_loop
    state["running"] = False
           ^^^^^^^^^^^^^^^^^
  File "c:\Users\Chan\Documents\ghosttrader0123\trial.py", line 204, in fetch_candles
  File "C:\Users\Chan\AppData\Local\Programs\Python\Python313\Lib\site-packages\pandas\core\frame.py", line 855, in __init__
    arrays, columns, index = nested_data_to_arrays(
                             ~~~~~~~~~~~~~~~~~~~~~^
        # error: Argument 3 to "nested_data_to_arrays" has incompatible
        ^^^^^^^^^^^^^^^^^^^^^^^^^^^^^^^^^^^^^^^^^^^^^^^^^^^^^^^^^^^^^^^
    ...<4 lines>...
        dtype,
        ^^^^^^
    )
    ^
  File "C:\Users\Chan\AppData\Local\Programs\Python\Python313\Lib\site-packages\pandas\core\internals\construction.py", line 520, in nested_data_to_arrays
    arrays, columns = to_arrays(data, columns, dtype=dtype)
                      ~~~~~~~~~^^^^^^^^^^^^^^^^^^^^^^^^^^^^
  File "C:\Users\Chan\AppData\Local\Programs\Python\Python313\Lib\site-packages\pandas\core\internals\construction.py", line 845, in to_arrays
    content, columns = _finalize_columns_and_data(arr, columns, dtype)
                       ~~~~~~~~~~~~~~~~~~~~~~~~~~^^^^^^^^^^^^^^^^^^^^^
  File "C:\Users\Chan\AppData\Local\Programs\Python\Python313\Lib\site-packages\pandas\core\internals\construction.py", line 942, in _finalize_columns_and_data
    raise ValueError(err) from err
ValueError: 6 columns passed, passed data had 9 columns
2025-10-12 16:49:49,130 [INFO] Unknown command: & c:/users/chan/appdata/local/programs/python/python313/python.exe c:/users/chan/documents/ghosttrader0123/trial.py
2025-10-12 16:49:51,948 [ERROR] Unexpected error in main loop: 6 columns passed, passed data had 9 columns
Traceback (most recent call last):
  File "C:\Users\Chan\AppData\Local\Programs\Python\Python313\Lib\site-packages\pandas\core\internals\construction.py", line 939, in _finalize_columns_and_data
    columns = _validate_or_indexify_columns(contents, columns)
  File "C:\Users\Chan\AppData\Local\Programs\Python\Python313\Lib\site-packages\pandas\core\internals\construction.py", line 986, in _validate_or_indexify_columns
    raise AssertionError(
    ...<2 lines>...
    )
AssertionError: 6 columns passed, passed data had 9 columns

The above exception was the direct cause of the following exception:

Traceback (most recent call last):
  File "c:\Users\Chan\Documents\ghosttrader0123\trial.py", line 507, in main_loop
    if cmd == "start":
               ^^^^^^^
  File "c:\Users\Chan\Documents\ghosttrader0123\trial.py", line 204, in fetch_candles
    # ✅ Extract raw candle list
  File "C:\Users\Chan\AppData\Local\Programs\Python\Python313\Lib\site-packages\pandas\core\frame.py", line 855, in __init__
    arrays, columns, index = nested_data_to_arrays(
                             ~~~~~~~~~~~~~~~~~~~~~^
        # error: Argument 3 to "nested_data_to_arrays" has incompatible
        ^^^^^^^^^^^^^^^^^^^^^^^^^^^^^^^^^^^^^^^^^^^^^^^^^^^^^^^^^^^^^^^
    ...<4 lines>...
        dtype,
        ^^^^^^
    )
    ^
  File "C:\Users\Chan\AppData\Local\Programs\Python\Python313\Lib\site-packages\pandas\core\internals\construction.py", line 520, in nested_data_to_arrays
    arrays, columns = to_arrays(data, columns, dtype=dtype)
                      ~~~~~~~~~^^^^^^^^^^^^^^^^^^^^^^^^^^^^
  File "C:\Users\Chan\AppData\Local\Programs\Python\Python313\Lib\site-packages\pandas\core\internals\construction.py", line 845, in to_arrays
    content, columns = _finalize_columns_and_data(arr, columns, dtype)
                       ~~~~~~~~~~~~~~~~~~~~~~~~~~^^^^^^^^^^^^^^^^^^^^^
  File "C:\Users\Chan\AppData\Local\Programs\Python\Python313\Lib\site-packages\pandas\core\internals\construction.py", line 942, in _finalize_columns_and_data
    raise ValueError(err) from err
ValueError: 6 columns passed, passed data had 9 columns
2025-10-12 16:50:51,980 [INFO] Unknown command: & c:/users/chan/appdata/local/programs/python/python313/python.exe c:/users/chan/documents/ghosttrader0123/trial.py
2025-10-12 16:50:54,589 [ERROR] Unexpected error in main loop: 6 columns passed, passed data had 9 columns
Traceback (most recent call last):
  File "C:\Users\Chan\AppData\Local\Programs\Python\Python313\Lib\site-packages\pandas\core\internals\construction.py", line 939, in _finalize_columns_and_data
    columns = _validate_or_indexify_columns(contents, columns)
  File "C:\Users\Chan\AppData\Local\Programs\Python\Python313\Lib\site-packages\pandas\core\internals\construction.py", line 986, in _validate_or_indexify_columns
    raise AssertionError(
    ...<2 lines>...
    )
AssertionError: 6 columns passed, passed data had 9 columns

The above exception was the direct cause of the following exception:

Traceback (most recent call last):
  File "c:\Users\Chan\Documents\ghosttrader0123\trial.py", line 507, in main_loop
    if cmd == "start":
               ^^^^^^^
  File "c:\Users\Chan\Documents\ghosttrader0123\trial.py", line 204, in fetch_candles
    # ✅ Extract raw candle list
  File "C:\Users\Chan\AppData\Local\Programs\Python\Python313\Lib\site-packages\pandas\core\frame.py", line 855, in __init__
    arrays, columns, index = nested_data_to_arrays(
                             ~~~~~~~~~~~~~~~~~~~~~^
        # error: Argument 3 to "nested_data_to_arrays" has incompatible
        ^^^^^^^^^^^^^^^^^^^^^^^^^^^^^^^^^^^^^^^^^^^^^^^^^^^^^^^^^^^^^^^
    ...<4 lines>...
        dtype,
        ^^^^^^
    )
    ^
  File "C:\Users\Chan\AppData\Local\Programs\Python\Python313\Lib\site-packages\pandas\core\internals\construction.py", line 520, in nested_data_to_arrays
    arrays, columns = to_arrays(data, columns, dtype=dtype)
                      ~~~~~~~~~^^^^^^^^^^^^^^^^^^^^^^^^^^^^
  File "C:\Users\Chan\AppData\Local\Programs\Python\Python313\Lib\site-packages\pandas\core\internals\construction.py", line 845, in to_arrays
    content, columns = _finalize_columns_and_data(arr, columns, dtype)
                       ~~~~~~~~~~~~~~~~~~~~~~~~~~^^^^^^^^^^^^^^^^^^^^^
  File "C:\Users\Chan\AppData\Local\Programs\Python\Python313\Lib\site-packages\pandas\core\internals\construction.py", line 942, in _finalize_columns_and_data
    raise ValueError(err) from err
ValueError: 6 columns passed, passed data had 9 columns
2025-10-12 16:51:54,583 [INFO] Bot set to RUNNING.
2025-10-12 16:51:56,505 [ERROR] Unexpected error in main loop: 6 columns passed, passed data had 9 columns
Traceback (most recent call last):
  File "C:\Users\Chan\AppData\Local\Programs\Python\Python313\Lib\site-packages\pandas\core\internals\construction.py", line 939, in _finalize_columns_and_data
    columns = _validate_or_indexify_columns(contents, columns)
  File "C:\Users\Chan\AppData\Local\Programs\Python\Python313\Lib\site-packages\pandas\core\internals\construction.py", line 986, in _validate_or_indexify_columns
    raise AssertionError(
    ...<2 lines>...
    )
AssertionError: 6 columns passed, passed data had 9 columns

The above exception was the direct cause of the following exception:

Traceback (most recent call last):
  File "c:\Users\Chan\Documents\ghosttrader0123\trial.py", line 507, in main_loop
    if cmd == "start":
               ^^^^^^^
  File "c:\Users\Chan\Documents\ghosttrader0123\trial.py", line 204, in fetch_candles
    # ✅ Extract raw candle list
  File "C:\Users\Chan\AppData\Local\Programs\Python\Python313\Lib\site-packages\pandas\core\frame.py", line 855, in __init__
    arrays, columns, index = nested_data_to_arrays(
                             ~~~~~~~~~~~~~~~~~~~~~^
        # error: Argument 3 to "nested_data_to_arrays" has incompatible
        ^^^^^^^^^^^^^^^^^^^^^^^^^^^^^^^^^^^^^^^^^^^^^^^^^^^^^^^^^^^^^^^
    ...<4 lines>...
        dtype,
        ^^^^^^
    )
    ^
  File "C:\Users\Chan\AppData\Local\Programs\Python\Python313\Lib\site-packages\pandas\core\internals\construction.py", line 520, in nested_data_to_arrays
    arrays, columns = to_arrays(data, columns, dtype=dtype)
                      ~~~~~~~~~^^^^^^^^^^^^^^^^^^^^^^^^^^^^
  File "C:\Users\Chan\AppData\Local\Programs\Python\Python313\Lib\site-packages\pandas\core\internals\construction.py", line 845, in to_arrays
    content, columns = _finalize_columns_and_data(arr, columns, dtype)
                       ~~~~~~~~~~~~~~~~~~~~~~~~~~^^^^^^^^^^^^^^^^^^^^^
  File "C:\Users\Chan\AppData\Local\Programs\Python\Python313\Lib\site-packages\pandas\core\internals\construction.py", line 942, in _finalize_columns_and_data
    raise ValueError(err) from err
ValueError: 6 columns passed, passed data had 9 columns
2025-10-12 16:52:56,498 [INFO] Unknown command: & c:/users/chan/appdata/local/programs/python/python313/python.exe c:/users/chan/documents/ghosttrader0123/trial.py
2025-10-12 16:52:58,412 [ERROR] Unexpected error in main loop: 6 columns passed, passed data had 9 columns
Traceback (most recent call last):
  File "C:\Users\Chan\AppData\Local\Programs\Python\Python313\Lib\site-packages\pandas\core\internals\construction.py", line 939, in _finalize_columns_and_data
    columns = _validate_or_indexify_columns(contents, columns)
  File "C:\Users\Chan\AppData\Local\Programs\Python\Python313\Lib\site-packages\pandas\core\internals\construction.py", line 986, in _validate_or_indexify_columns
    raise AssertionError(
    ...<2 lines>...
    )
AssertionError: 6 columns passed, passed data had 9 columns

The above exception was the direct cause of the following exception:

Traceback (most recent call last):
  File "c:\Users\Chan\Documents\ghosttrader0123\trial.py", line 507, in main_loop
    if cmd == "start":
               ^^^^^^^
  File "c:\Users\Chan\Documents\ghosttrader0123\trial.py", line 204, in fetch_candles
    # ✅ Extract raw candle list
  File "C:\Users\Chan\AppData\Local\Programs\Python\Python313\Lib\site-packages\pandas\core\frame.py", line 855, in __init__
    arrays, columns, index = nested_data_to_arrays(
                             ~~~~~~~~~~~~~~~~~~~~~^
        # error: Argument 3 to "nested_data_to_arrays" has incompatible
        ^^^^^^^^^^^^^^^^^^^^^^^^^^^^^^^^^^^^^^^^^^^^^^^^^^^^^^^^^^^^^^^
    ...<4 lines>...
        dtype,
        ^^^^^^
    )
    ^
  File "C:\Users\Chan\AppData\Local\Programs\Python\Python313\Lib\site-packages\pandas\core\internals\construction.py", line 520, in nested_data_to_arrays
    arrays, columns = to_arrays(data, columns, dtype=dtype)
                      ~~~~~~~~~^^^^^^^^^^^^^^^^^^^^^^^^^^^^
  File "C:\Users\Chan\AppData\Local\Programs\Python\Python313\Lib\site-packages\pandas\core\internals\construction.py", line 845, in to_arrays
    content, columns = _finalize_columns_and_data(arr, columns, dtype)
                       ~~~~~~~~~~~~~~~~~~~~~~~~~~^^^^^^^^^^^^^^^^^^^^^
  File "C:\Users\Chan\AppData\Local\Programs\Python\Python313\Lib\site-packages\pandas\core\internals\construction.py", line 942, in _finalize_columns_and_data
    raise ValueError(err) from err
ValueError: 6 columns passed, passed data had 9 columns
2025-10-12 16:53:58,406 [INFO] Unknown command: & c:/users/chan/appdata/local/programs/python/python313/python.exe c:/users/chan/documents/ghosttrader0123/trial.py
2025-10-12 16:54:00,520 [ERROR] Unexpected error in main loop: 6 columns passed, passed data had 9 columns
Traceback (most recent call last):
  File "C:\Users\Chan\AppData\Local\Programs\Python\Python313\Lib\site-packages\pandas\core\internals\construction.py", line 939, in _finalize_columns_and_data
    columns = _validate_or_indexify_columns(contents, columns)
  File "C:\Users\Chan\AppData\Local\Programs\Python\Python313\Lib\site-packages\pandas\core\internals\construction.py", line 986, in _validate_or_indexify_columns
    raise AssertionError(
    ...<2 lines>...
    )
AssertionError: 6 columns passed, passed data had 9 columns

The above exception was the direct cause of the following exception:

Traceback (most recent call last):
  File "c:\Users\Chan\Documents\ghosttrader0123\trial.py", line 507, in main_loop
    break
    
  File "c:\Users\Chan\Documents\ghosttrader0123\trial.py", line 204, in fetch_candles
    # ✅ Extract raw candle list
  File "C:\Users\Chan\AppData\Local\Programs\Python\Python313\Lib\site-packages\pandas\core\frame.py", line 855, in __init__
    arrays, columns, index = nested_data_to_arrays(
                             ~~~~~~~~~~~~~~~~~~~~~^
        # error: Argument 3 to "nested_data_to_arrays" has incompatible
        ^^^^^^^^^^^^^^^^^^^^^^^^^^^^^^^^^^^^^^^^^^^^^^^^^^^^^^^^^^^^^^^
    ...<4 lines>...
        dtype,
        ^^^^^^
    )
    ^
  File "C:\Users\Chan\AppData\Local\Programs\Python\Python313\Lib\site-packages\pandas\core\internals\construction.py", line 520, in nested_data_to_arrays
    arrays, columns = to_arrays(data, columns, dtype=dtype)
                      ~~~~~~~~~^^^^^^^^^^^^^^^^^^^^^^^^^^^^
  File "C:\Users\Chan\AppData\Local\Programs\Python\Python313\Lib\site-packages\pandas\core\internals\construction.py", line 845, in to_arrays
    content, columns = _finalize_columns_and_data(arr, columns, dtype)
                       ~~~~~~~~~~~~~~~~~~~~~~~~~~^^^^^^^^^^^^^^^^^^^^^
  File "C:\Users\Chan\AppData\Local\Programs\Python\Python313\Lib\site-packages\pandas\core\internals\construction.py", line 942, in _finalize_columns_and_data
    raise ValueError(err) from err
ValueError: 6 columns passed, passed data had 9 columns
2025-10-12 16:55:02,431 [ERROR] Unexpected error in main loop: 6 columns passed, passed data had 9 columns
Traceback (most recent call last):
  File "C:\Users\Chan\AppData\Local\Programs\Python\Python313\Lib\site-packages\pandas\core\internals\construction.py", line 939, in _finalize_columns_and_data
    columns = _validate_or_indexify_columns(contents, columns)
  File "C:\Users\Chan\AppData\Local\Programs\Python\Python313\Lib\site-packages\pandas\core\internals\construction.py", line 986, in _validate_or_indexify_columns
    raise AssertionError(
    ...<2 lines>...
    )
AssertionError: 6 columns passed, passed data had 9 columns

The above exception was the direct cause of the following exception:

Traceback (most recent call last):
  File "c:\Users\Chan\Documents\ghosttrader0123\trial.py", line 507, in main_loop
    break
    
  File "c:\Users\Chan\Documents\ghosttrader0123\trial.py", line 204, in fetch_candles
    # ✅ Extract raw candle list
  File "C:\Users\Chan\AppData\Local\Programs\Python\Python313\Lib\site-packages\pandas\core\frame.py", line 855, in __init__
    arrays, columns, index = nested_data_to_arrays(
                             ~~~~~~~~~~~~~~~~~~~~~^
        # error: Argument 3 to "nested_data_to_arrays" has incompatible
        ^^^^^^^^^^^^^^^^^^^^^^^^^^^^^^^^^^^^^^^^^^^^^^^^^^^^^^^^^^^^^^^
    ...<4 lines>...
        dtype,
        ^^^^^^
    )
    ^
  File "C:\Users\Chan\AppData\Local\Programs\Python\Python313\Lib\site-packages\pandas\core\internals\construction.py", line 520, in nested_data_to_arrays
    arrays, columns = to_arrays(data, columns, dtype=dtype)
                      ~~~~~~~~~^^^^^^^^^^^^^^^^^^^^^^^^^^^^
  File "C:\Users\Chan\AppData\Local\Programs\Python\Python313\Lib\site-packages\pandas\core\internals\construction.py", line 845, in to_arrays
    content, columns = _finalize_columns_and_data(arr, columns, dtype)
                       ~~~~~~~~~~~~~~~~~~~~~~~~~~^^^^^^^^^^^^^^^^^^^^^
  File "C:\Users\Chan\AppData\Local\Programs\Python\Python313\Lib\site-packages\pandas\core\internals\construction.py", line 942, in _finalize_columns_and_data
    raise ValueError(err) from err
ValueError: 6 columns passed, passed data had 9 columns
2025-10-12 16:56:02,424 [INFO] Unknown command: & c:/users/chan/appdata/local/programs/python/python313/python.exe c:/users/chan/documents/ghosttrader0123/trial.py
2025-10-12 16:56:04,348 [ERROR] Unexpected error in main loop: 6 columns passed, passed data had 9 columns
Traceback (most recent call last):
  File "C:\Users\Chan\AppData\Local\Programs\Python\Python313\Lib\site-packages\pandas\core\internals\construction.py", line 939, in _finalize_columns_and_data
    columns = _validate_or_indexify_columns(contents, columns)
  File "C:\Users\Chan\AppData\Local\Programs\Python\Python313\Lib\site-packages\pandas\core\internals\construction.py", line 986, in _validate_or_indexify_columns
    raise AssertionError(
    ...<2 lines>...
    )
AssertionError: 6 columns passed, passed data had 9 columns

The above exception was the direct cause of the following exception:

Traceback (most recent call last):
  File "c:\Users\Chan\Documents\ghosttrader0123\trial.py", line 507, in main_loop
    break
    
  File "c:\Users\Chan\Documents\ghosttrader0123\trial.py", line 204, in fetch_candles
    # ✅ Extract raw candle list
  File "C:\Users\Chan\AppData\Local\Programs\Python\Python313\Lib\site-packages\pandas\core\frame.py", line 855, in __init__
    arrays, columns, index = nested_data_to_arrays(
                             ~~~~~~~~~~~~~~~~~~~~~^
        # error: Argument 3 to "nested_data_to_arrays" has incompatible
        ^^^^^^^^^^^^^^^^^^^^^^^^^^^^^^^^^^^^^^^^^^^^^^^^^^^^^^^^^^^^^^^
    ...<4 lines>...
        dtype,
        ^^^^^^
    )
    ^
  File "C:\Users\Chan\AppData\Local\Programs\Python\Python313\Lib\site-packages\pandas\core\internals\construction.py", line 520, in nested_data_to_arrays
    arrays, columns = to_arrays(data, columns, dtype=dtype)
                      ~~~~~~~~~^^^^^^^^^^^^^^^^^^^^^^^^^^^^
  File "C:\Users\Chan\AppData\Local\Programs\Python\Python313\Lib\site-packages\pandas\core\internals\construction.py", line 845, in to_arrays
    content, columns = _finalize_columns_and_data(arr, columns, dtype)
                       ~~~~~~~~~~~~~~~~~~~~~~~~~~^^^^^^^^^^^^^^^^^^^^^
  File "C:\Users\Chan\AppData\Local\Programs\Python\Python313\Lib\site-packages\pandas\core\internals\construction.py", line 942, in _finalize_columns_and_data
    raise ValueError(err) from err
ValueError: 6 columns passed, passed data had 9 columns
2025-10-12 16:57:04,372 [INFO] Unknown command: & c:/users/chan/appdata/local/programs/python/python313/python.exe c:/users/chan/documents/ghosttrader0123/trial.py
2025-10-12 16:57:06,207 [ERROR] Unexpected error in main loop: 6 columns passed, passed data had 9 columns
Traceback (most recent call last):
  File "C:\Users\Chan\AppData\Local\Programs\Python\Python313\Lib\site-packages\pandas\core\internals\construction.py", line 939, in _finalize_columns_and_data
    columns = _validate_or_indexify_columns(contents, columns)
  File "C:\Users\Chan\AppData\Local\Programs\Python\Python313\Lib\site-packages\pandas\core\internals\construction.py", line 986, in _validate_or_indexify_columns
    raise AssertionError(
    ...<2 lines>...
    )
AssertionError: 6 columns passed, passed data had 9 columns

The above exception was the direct cause of the following exception:

Traceback (most recent call last):
  File "c:\Users\Chan\Documents\ghosttrader0123\trial.py", line 507, in main_loop
    # process console commands
  File "c:\Users\Chan\Documents\ghosttrader0123\trial.py", line 204, in fetch_candles
    if not raw:
         ^^^^^^
  File "C:\Users\Chan\AppData\Local\Programs\Python\Python313\Lib\site-packages\pandas\core\frame.py", line 855, in __init__
    arrays, columns, index = nested_data_to_arrays(
                             ~~~~~~~~~~~~~~~~~~~~~^
        # error: Argument 3 to "nested_data_to_arrays" has incompatible
        ^^^^^^^^^^^^^^^^^^^^^^^^^^^^^^^^^^^^^^^^^^^^^^^^^^^^^^^^^^^^^^^
    ...<4 lines>...
        dtype,
        ^^^^^^
    )
    ^
  File "C:\Users\Chan\AppData\Local\Programs\Python\Python313\Lib\site-packages\pandas\core\internals\construction.py", line 520, in nested_data_to_arrays
    arrays, columns = to_arrays(data, columns, dtype=dtype)
                      ~~~~~~~~~^^^^^^^^^^^^^^^^^^^^^^^^^^^^
  File "C:\Users\Chan\AppData\Local\Programs\Python\Python313\Lib\site-packages\pandas\core\internals\construction.py", line 845, in to_arrays
    content, columns = _finalize_columns_and_data(arr, columns, dtype)
                       ~~~~~~~~~~~~~~~~~~~~~~~~~~^^^^^^^^^^^^^^^^^^^^^
  File "C:\Users\Chan\AppData\Local\Programs\Python\Python313\Lib\site-packages\pandas\core\internals\construction.py", line 942, in _finalize_columns_and_data
    raise ValueError(err) from err
ValueError: 6 columns passed, passed data had 9 columns
2025-10-12 16:58:08,124 [ERROR] Unexpected error in main loop: 6 columns passed, passed data had 9 columns
Traceback (most recent call last):
  File "C:\Users\Chan\AppData\Local\Programs\Python\Python313\Lib\site-packages\pandas\core\internals\construction.py", line 939, in _finalize_columns_and_data
    columns = _validate_or_indexify_columns(contents, columns)
  File "C:\Users\Chan\AppData\Local\Programs\Python\Python313\Lib\site-packages\pandas\core\internals\construction.py", line 986, in _validate_or_indexify_columns
    raise AssertionError(
    ...<2 lines>...
    )
AssertionError: 6 columns passed, passed data had 9 columns

The above exception was the direct cause of the following exception:

Traceback (most recent call last):
  File "c:\Users\Chan\Documents\ghosttrader0123\trial.py", line 507, in main_loop
    # process console commands
  File "c:\Users\Chan\Documents\ghosttrader0123\trial.py", line 204, in fetch_candles
    if not raw:
         ^^^^^^
  File "C:\Users\Chan\AppData\Local\Programs\Python\Python313\Lib\site-packages\pandas\core\frame.py", line 855, in __init__
    arrays, columns, index = nested_data_to_arrays(
                             ~~~~~~~~~~~~~~~~~~~~~^
        # error: Argument 3 to "nested_data_to_arrays" has incompatible
        ^^^^^^^^^^^^^^^^^^^^^^^^^^^^^^^^^^^^^^^^^^^^^^^^^^^^^^^^^^^^^^^
    ...<4 lines>...
        dtype,
        ^^^^^^
    )
    ^
  File "C:\Users\Chan\AppData\Local\Programs\Python\Python313\Lib\site-packages\pandas\core\internals\construction.py", line 520, in nested_data_to_arrays
    arrays, columns = to_arrays(data, columns, dtype=dtype)
                      ~~~~~~~~~^^^^^^^^^^^^^^^^^^^^^^^^^^^^
  File "C:\Users\Chan\AppData\Local\Programs\Python\Python313\Lib\site-packages\pandas\core\internals\construction.py", line 845, in to_arrays
    content, columns = _finalize_columns_and_data(arr, columns, dtype)
                       ~~~~~~~~~~~~~~~~~~~~~~~~~~^^^^^^^^^^^^^^^^^^^^^
  File "C:\Users\Chan\AppData\Local\Programs\Python\Python313\Lib\site-packages\pandas\core\internals\construction.py", line 942, in _finalize_columns_and_data
    raise ValueError(err) from err
ValueError: 6 columns passed, passed data had 9 columns
2025-10-12 16:59:08,121 [INFO] Unknown command: & c:/users/chan/appdata/local/programs/python/python313/python.exe c:/users/chan/documents/ghosttrader0123/trial.py
2025-10-12 16:59:10,277 [ERROR] Unexpected error in main loop: 6 columns passed, passed data had 9 columns
Traceback (most recent call last):
  File "C:\Users\Chan\AppData\Local\Programs\Python\Python313\Lib\site-packages\pandas\core\internals\construction.py", line 939, in _finalize_columns_and_data
    columns = _validate_or_indexify_columns(contents, columns)
  File "C:\Users\Chan\AppData\Local\Programs\Python\Python313\Lib\site-packages\pandas\core\internals\construction.py", line 986, in _validate_or_indexify_columns
    raise AssertionError(
    ...<2 lines>...
    )
AssertionError: 6 columns passed, passed data had 9 columns

The above exception was the direct cause of the following exception:

Traceback (most recent call last):
  File "c:\Users\Chan\Documents\ghosttrader0123\trial.py", line 507, in main_loop
    break
    
  File "c:\Users\Chan\Documents\ghosttrader0123\trial.py", line 204, in fetch_candles
    # Extract raw candle list
  File "C:\Users\Chan\AppData\Local\Programs\Python\Python313\Lib\site-packages\pandas\core\frame.py", line 855, in __init__
    arrays, columns, index = nested_data_to_arrays(
                             ~~~~~~~~~~~~~~~~~~~~~^
        # error: Argument 3 to "nested_data_to_arrays" has incompatible
        ^^^^^^^^^^^^^^^^^^^^^^^^^^^^^^^^^^^^^^^^^^^^^^^^^^^^^^^^^^^^^^^
    ...<4 lines>...
        dtype,
        ^^^^^^
    )
    ^
  File "C:\Users\Chan\AppData\Local\Programs\Python\Python313\Lib\site-packages\pandas\core\internals\construction.py", line 520, in nested_data_to_arrays
    arrays, columns = to_arrays(data, columns, dtype=dtype)
                      ~~~~~~~~~^^^^^^^^^^^^^^^^^^^^^^^^^^^^
  File "C:\Users\Chan\AppData\Local\Programs\Python\Python313\Lib\site-packages\pandas\core\internals\construction.py", line 845, in to_arrays
    content, columns = _finalize_columns_and_data(arr, columns, dtype)
                       ~~~~~~~~~~~~~~~~~~~~~~~~~~^^^^^^^^^^^^^^^^^^^^^
  File "C:\Users\Chan\AppData\Local\Programs\Python\Python313\Lib\site-packages\pandas\core\internals\construction.py", line 942, in _finalize_columns_and_data
    raise ValueError(err) from err
ValueError: 6 columns passed, passed data had 9 columns
2025-10-12 17:00:06,349 [INFO] Connectivity test HTTP 200
2025-10-12 17:00:06,350 [INFO] Console ready. Type: start / stop / status / reset_losses / exit
2025-10-12 17:00:06,350 [INFO] Bot started (demo-mode). INST=SOL-USDT-SWAP LEVERAGE=3x PHP_PER_TRADE=500
2025-10-12 17:00:11,353 [INFO] Bot set to RUNNING.
2025-10-12 17:00:13,634 [INFO] Fetched 100 candles for SOL-USDT-SWAP (15m)
2025-10-12 17:00:16,351 [INFO] Fetched 200 candles for SOL-USDT-SWAP (1H)
2025-10-12 17:00:16,352 [ERROR] Unexpected error in main loop: module 'pandas_ta' has no attribute 'sar'
Traceback (most recent call last):
  File "c:\Users\Chan\Documents\ghosttrader0123\trial.py", line 548, in main_loop
    signal, reason = detect_signals(short_df, long_df)
                     ~~~~~~~~~~~~~~^^^^^^^^^^^^^^^^^^^
  File "c:\Users\Chan\Documents\ghosttrader0123\trial.py", line 272, in detect_signals
    short_sar = compute_sar_series(short_df)
  File "c:\Users\Chan\Documents\ghosttrader0123\trial.py", line 261, in compute_sar_series
    return ta.sar(high=df['high'], low=df['low'], close=df['close'])
           ^^^^^^
AttributeError: module 'pandas_ta' has no attribute 'sar'. Did you mean: 'psar'?
2025-10-12 17:01:18,254 [INFO] Fetched 100 candles for SOL-USDT-SWAP (15m)
2025-10-12 17:01:20,408 [INFO] Fetched 200 candles for SOL-USDT-SWAP (1H)
2025-10-12 17:01:20,408 [ERROR] Unexpected error in main loop: module 'pandas_ta' has no attribute 'sar'
Traceback (most recent call last):
  File "c:\Users\Chan\Documents\ghosttrader0123\trial.py", line 548, in main_loop
    signal, reason = detect_signals(short_df, long_df)
                     ~~~~~~~~~~~~~~^^^^^^^^^^^^^^^^^^^
  File "c:\Users\Chan\Documents\ghosttrader0123\trial.py", line 272, in detect_signals
    short_sar = compute_sar_series(short_df)
  File "c:\Users\Chan\Documents\ghosttrader0123\trial.py", line 261, in compute_sar_series
    return ta.sar(high=df['high'], low=df['low'], close=df['close'])
           ^^^^^^
AttributeError: module 'pandas_ta' has no attribute 'sar'. Did you mean: 'psar'?
2025-10-12 17:02:31,534 [INFO] Connectivity test HTTP 200
2025-10-12 17:02:31,538 [INFO] Console ready. Type: start / stop / status / reset_losses / exit
2025-10-12 17:02:31,538 [INFO] Bot started (demo-mode). INST=SOL-USDT-SWAP LEVERAGE=3x PHP_PER_TRADE=500
2025-10-12 17:02:35,540 [INFO] Bot set to RUNNING.
2025-10-12 17:02:37,810 [INFO] Fetched 100 candles for SOL-USDT-SWAP (15m)
2025-10-12 17:02:40,072 [INFO] Fetched 200 candles for SOL-USDT-SWAP (1H)
2025-10-12 17:02:40,080 [INFO] Strategy check signal=None reason=short_sig=None, trend_up=False, trend_down=False
2025-10-12 17:02:40,080 [INFO] No aligned signal. Sleeping 60 seconds.
2025-10-12 17:03:42,215 [INFO] Fetched 100 candles for SOL-USDT-SWAP (15m)
2025-10-12 17:03:44,349 [INFO] Fetched 200 candles for SOL-USDT-SWAP (1H)
2025-10-12 17:03:44,354 [INFO] Strategy check signal=None reason=short_sig=None, trend_up=False, trend_down=False
2025-10-12 17:03:44,354 [INFO] No aligned signal. Sleeping 60 seconds.
2025-10-12 17:04:46,521 [INFO] Fetched 100 candles for SOL-USDT-SWAP (15m)
2025-10-12 17:04:48,649 [INFO] Fetched 200 candles for SOL-USDT-SWAP (1H)
2025-10-12 17:04:48,653 [INFO] Strategy check signal=None reason=short_sig=None, trend_up=False, trend_down=False
2025-10-12 17:04:48,653 [INFO] No aligned signal. Sleeping 60 seconds.
2025-10-12 17:05:48,647 [INFO] Bot PAUSED.
2025-10-12 17:05:49,648 [INFO] Bot PAUSED.
2025-10-12 17:05:50,649 [INFO] Unknown command: halted
2025-10-12 17:05:51,650 [INFO] Unknown command: & c:/users/chan/appdata/local/programs/python/python313/python.exe c:/users/chan/documents/ghosttrader0123/trial.py
2025-10-12 17:06:01,654 [INFO] Unknown command: & c:/users/chan/appdata/local/programs/python/python313/python.exe c:/users/chan/documents/ghosttrader0123/trial.py
2025-10-12 17:06:29,398 [INFO] Connectivity test HTTP 200
2025-10-12 17:06:29,399 [INFO] Console ready. Type: start / stop / status / reset_losses / exit
2025-10-12 17:06:29,399 [INFO] Bot started (demo-mode). INST=SOL-USDT-SWAP LEVERAGE=3x PHP_PER_TRADE=500
2025-10-12 17:06:35,402 [INFO] Bot set to RUNNING.
2025-10-12 17:06:37,734 [INFO] Fetched 100 candles for SOL-USDT-SWAP (15m)
2025-10-12 17:06:40,293 [INFO] Fetched 200 candles for SOL-USDT-SWAP (1H)
2025-10-12 17:06:40,302 [INFO] Strategy check signal=None reason=short_sig=None, trend_up=False, trend_down=False
2025-10-12 17:06:40,302 [INFO] No aligned signal. Sleeping 60 seconds.
2025-10-12 17:11:13,235 [INFO] Connectivity test HTTP 200
2025-10-12 17:11:13,236 [INFO] Console ready. Type: start / stop / status / reset_losses / exit
2025-10-12 17:11:13,236 [INFO] Bot started (demo-mode). INST=SOL-USDT-SWAP LEVERAGE=3x PHP_PER_TRADE=500
2025-10-12 17:11:17,238 [INFO] Bot set to RUNNING.
2025-10-12 17:11:19,526 [INFO] Fetched 100 candles for SOL-USDT-SWAP (1m)
2025-10-12 17:11:21,541 [WARNING] OKX API returned code != 0: {'code': '51000', 'msg': 'Parameter bar error', 'data': []}
2025-10-12 17:11:21,542 [ERROR] Empty candles response: {'code': '51000', 'msg': 'Parameter bar error', 'data': []}
2025-10-12 17:11:21,542 [WARNING] Failed to fetch candles; retrying after sleep.
2025-10-12 17:12:23,908 [INFO] Fetched 100 candles for SOL-USDT-SWAP (1m)
2025-10-12 17:12:26,742 [WARNING] OKX API returned code != 0: {'code': '51000', 'msg': 'Parameter bar error', 'data': []}
2025-10-12 17:12:26,743 [ERROR] Empty candles response: {'code': '51000', 'msg': 'Parameter bar error', 'data': []}
2025-10-12 17:12:26,743 [WARNING] Failed to fetch candles; retrying after sleep.
2025-10-12 17:13:28,724 [INFO] Fetched 100 candles for SOL-USDT-SWAP (1m)
2025-10-12 17:13:30,907 [WARNING] OKX API returned code != 0: {'code': '51000', 'msg': 'Parameter bar error', 'data': []}
2025-10-12 17:13:30,908 [ERROR] Empty candles response: {'code': '51000', 'msg': 'Parameter bar error', 'data': []}
2025-10-12 17:13:30,908 [WARNING] Failed to fetch candles; retrying after sleep.
2025-10-12 17:14:16,311 [INFO] Connectivity test HTTP 200
2025-10-12 17:14:16,313 [INFO] Console ready. Type: start / stop / status / reset_losses / exit
2025-10-12 17:14:16,313 [INFO] Bot started (demo-mode). INST=SOL-USDT-SWAP LEVERAGE=3x PHP_PER_TRADE=500
2025-10-12 17:14:20,315 [INFO] Bot set to RUNNING.
2025-10-12 17:14:22,483 [INFO] Fetched 100 candles for SOL-USDT-SWAP (1m)
2025-10-12 17:14:24,942 [INFO] Fetched 200 candles for SOL-USDT-SWAP (5m)
2025-10-12 17:14:24,947 [INFO] Strategy check signal=None reason=short_sig=None, trend_up=False, trend_down=False
2025-10-12 17:14:24,948 [INFO] No aligned signal. Sleeping 20 seconds.
2025-10-12 17:14:47,150 [INFO] Fetched 100 candles for SOL-USDT-SWAP (1m)
2025-10-12 17:14:49,612 [INFO] Fetched 200 candles for SOL-USDT-SWAP (5m)
2025-10-12 17:14:49,617 [INFO] Strategy check signal=None reason=short_sig=None, trend_up=False, trend_down=False
2025-10-12 17:14:49,617 [INFO] No aligned signal. Sleeping 20 seconds.
2025-10-12 17:15:11,835 [INFO] Fetched 100 candles for SOL-USDT-SWAP (1m)
2025-10-12 17:15:14,492 [INFO] Fetched 200 candles for SOL-USDT-SWAP (5m)
2025-10-12 17:15:14,497 [INFO] Strategy check signal=None reason=short_sig=None, trend_up=False, trend_down=False
2025-10-12 17:15:14,497 [INFO] No aligned signal. Sleeping 20 seconds.
2025-10-12 17:15:39,721 [INFO] Fetched 100 candles for SOL-USDT-SWAP (1m)
2025-10-12 17:15:42,766 [INFO] Fetched 200 candles for SOL-USDT-SWAP (5m)
2025-10-12 17:15:42,771 [INFO] Strategy check signal=None reason=short_sig=None, trend_up=False, trend_down=False
2025-10-12 17:15:42,771 [INFO] No aligned signal. Sleeping 20 seconds.
2025-10-12 17:16:05,134 [INFO] Fetched 100 candles for SOL-USDT-SWAP (1m)
2025-10-12 17:16:10,601 [INFO] Fetched 200 candles for SOL-USDT-SWAP (5m)
2025-10-12 17:16:10,605 [INFO] Strategy check signal=None reason=short_sig=None, trend_up=False, trend_down=False
2025-10-12 17:16:10,606 [INFO] No aligned signal. Sleeping 20 seconds.
2025-10-12 17:16:33,167 [INFO] Fetched 100 candles for SOL-USDT-SWAP (1m)
2025-10-12 17:16:35,936 [INFO] Fetched 200 candles for SOL-USDT-SWAP (5m)
2025-10-12 17:16:35,940 [INFO] Strategy check signal=None reason=short_sig=None, trend_up=False, trend_down=False
2025-10-12 17:16:35,941 [INFO] No aligned signal. Sleeping 20 seconds.
2025-10-12 17:16:58,057 [INFO] Fetched 100 candles for SOL-USDT-SWAP (1m)
2025-10-12 17:17:00,586 [INFO] Fetched 200 candles for SOL-USDT-SWAP (5m)
2025-10-12 17:17:00,590 [INFO] Strategy check signal=None reason=short_sig=None, trend_up=False, trend_down=False
2025-10-12 17:17:00,590 [INFO] No aligned signal. Sleeping 20 seconds.
2025-10-12 17:17:23,000 [INFO] Fetched 100 candles for SOL-USDT-SWAP (1m)
2025-10-12 17:17:25,352 [INFO] Fetched 200 candles for SOL-USDT-SWAP (5m)
2025-10-12 17:17:25,357 [INFO] Strategy check signal=None reason=short_sig=None, trend_up=False, trend_down=False
2025-10-12 17:17:25,357 [INFO] No aligned signal. Sleeping 20 seconds.
2025-10-12 17:17:47,723 [INFO] Fetched 100 candles for SOL-USDT-SWAP (1m)
2025-10-12 17:17:50,004 [INFO] Fetched 200 candles for SOL-USDT-SWAP (5m)
2025-10-12 17:17:50,008 [INFO] Strategy check signal=None reason=short_sig=None, trend_up=False, trend_down=False
2025-10-12 17:17:50,009 [INFO] No aligned signal. Sleeping 20 seconds.
2025-10-12 17:18:12,366 [INFO] Fetched 100 candles for SOL-USDT-SWAP (1m)
2025-10-12 17:18:15,064 [INFO] Fetched 200 candles for SOL-USDT-SWAP (5m)
2025-10-12 17:18:15,069 [INFO] Strategy check signal=None reason=short_sig=None, trend_up=False, trend_down=False
2025-10-12 17:18:15,069 [INFO] No aligned signal. Sleeping 20 seconds.
2025-10-12 17:18:37,271 [INFO] Fetched 100 candles for SOL-USDT-SWAP (1m)
2025-10-12 17:18:39,608 [INFO] Fetched 200 candles for SOL-USDT-SWAP (5m)
2025-10-12 17:18:39,613 [INFO] Strategy check signal=None reason=short_sig=None, trend_up=False, trend_down=False
2025-10-12 17:18:39,613 [INFO] No aligned signal. Sleeping 20 seconds.
2025-10-12 17:19:01,730 [INFO] Fetched 100 candles for SOL-USDT-SWAP (1m)
2025-10-12 17:19:04,299 [INFO] Fetched 200 candles for SOL-USDT-SWAP (5m)
2025-10-12 17:19:04,303 [INFO] Strategy check signal=None reason=short_sig=None, trend_up=False, trend_down=False
2025-10-12 17:19:04,304 [INFO] No aligned signal. Sleeping 20 seconds.
2025-10-12 17:19:26,525 [INFO] Fetched 100 candles for SOL-USDT-SWAP (1m)
2025-10-12 17:19:28,855 [INFO] Fetched 200 candles for SOL-USDT-SWAP (5m)
2025-10-12 17:19:28,860 [INFO] Strategy check signal=None reason=short_sig=None, trend_up=False, trend_down=False
2025-10-12 17:19:28,860 [INFO] No aligned signal. Sleeping 20 seconds.
2025-10-12 17:19:51,255 [INFO] Fetched 100 candles for SOL-USDT-SWAP (1m)
2025-10-12 17:19:53,818 [INFO] Fetched 200 candles for SOL-USDT-SWAP (5m)
2025-10-12 17:19:53,822 [INFO] Strategy check signal=None reason=short_sig=None, trend_up=False, trend_down=False
2025-10-12 17:19:53,823 [INFO] No aligned signal. Sleeping 20 seconds.
2025-10-12 17:20:16,093 [INFO] Fetched 100 candles for SOL-USDT-SWAP (1m)
2025-10-12 17:20:18,408 [INFO] Fetched 200 candles for SOL-USDT-SWAP (5m)
2025-10-12 17:20:18,412 [INFO] Strategy check signal=None reason=short_sig=None, trend_up=False, trend_down=False
2025-10-12 17:20:18,412 [INFO] No aligned signal. Sleeping 20 seconds.
2025-10-12 17:20:40,604 [INFO] Fetched 100 candles for SOL-USDT-SWAP (1m)
2025-10-12 17:20:42,911 [INFO] Fetched 200 candles for SOL-USDT-SWAP (5m)
2025-10-12 17:20:42,915 [INFO] Strategy check signal=None reason=short_sig=None, trend_up=False, trend_down=False
2025-10-12 17:20:42,915 [INFO] No aligned signal. Sleeping 20 seconds.
2025-10-12 17:21:05,109 [INFO] Fetched 100 candles for SOL-USDT-SWAP (1m)
2025-10-12 17:21:07,637 [INFO] Fetched 200 candles for SOL-USDT-SWAP (5m)
2025-10-12 17:21:07,642 [INFO] Strategy check signal=None reason=short_sig=None, trend_up=False, trend_down=False
2025-10-12 17:21:07,643 [INFO] No aligned signal. Sleeping 20 seconds.
2025-10-12 17:21:29,891 [INFO] Fetched 100 candles for SOL-USDT-SWAP (1m)
2025-10-12 17:21:32,575 [INFO] Fetched 200 candles for SOL-USDT-SWAP (5m)
2025-10-12 17:21:32,579 [INFO] Strategy check signal=None reason=short_sig=None, trend_up=False, trend_down=False
2025-10-12 17:21:32,580 [INFO] No aligned signal. Sleeping 20 seconds.
2025-10-12 17:21:54,978 [INFO] Fetched 100 candles for SOL-USDT-SWAP (1m)
2025-10-12 17:21:57,747 [INFO] Fetched 200 candles for SOL-USDT-SWAP (5m)
2025-10-12 17:21:57,751 [INFO] Strategy check signal=None reason=short_sig=None, trend_up=False, trend_down=False
2025-10-12 17:21:57,751 [INFO] No aligned signal. Sleeping 20 seconds.
2025-10-12 17:22:19,973 [INFO] Fetched 100 candles for SOL-USDT-SWAP (1m)
2025-10-12 17:22:22,301 [INFO] Fetched 200 candles for SOL-USDT-SWAP (5m)
2025-10-12 17:22:22,305 [INFO] Strategy check signal=None reason=short_sig=None, trend_up=False, trend_down=False
2025-10-12 17:22:22,305 [INFO] No aligned signal. Sleeping 20 seconds.
2025-10-12 17:22:44,555 [INFO] Fetched 100 candles for SOL-USDT-SWAP (1m)
2025-10-12 17:22:46,988 [INFO] Fetched 200 candles for SOL-USDT-SWAP (5m)
2025-10-12 17:22:46,992 [INFO] Strategy check signal=None reason=short_sig=None, trend_up=False, trend_down=False
2025-10-12 17:22:46,992 [INFO] No aligned signal. Sleeping 20 seconds.
2025-10-12 17:23:08,997 [INFO] Fetched 100 candles for SOL-USDT-SWAP (1m)
2025-10-12 17:23:11,485 [INFO] Fetched 200 candles for SOL-USDT-SWAP (5m)
2025-10-12 17:23:11,490 [INFO] Strategy check signal=None reason=short_sig=None, trend_up=False, trend_down=False
2025-10-12 17:23:11,490 [INFO] No aligned signal. Sleeping 20 seconds.
2025-10-12 17:23:33,677 [INFO] Fetched 100 candles for SOL-USDT-SWAP (1m)
2025-10-12 17:23:36,206 [INFO] Fetched 200 candles for SOL-USDT-SWAP (5m)
2025-10-12 17:23:36,211 [INFO] Strategy check signal=None reason=short_sig=None, trend_up=False, trend_down=False
2025-10-12 17:23:36,211 [INFO] No aligned signal. Sleeping 20 seconds.
2025-10-12 17:23:58,364 [INFO] Fetched 100 candles for SOL-USDT-SWAP (1m)
2025-10-12 17:24:00,672 [INFO] Fetched 200 candles for SOL-USDT-SWAP (5m)
2025-10-12 17:24:00,677 [INFO] Strategy check signal=None reason=short_sig=None, trend_up=False, trend_down=False
2025-10-12 17:24:00,678 [INFO] No aligned signal. Sleeping 20 seconds.
2025-10-12 17:24:23,053 [INFO] Fetched 100 candles for SOL-USDT-SWAP (1m)
2025-10-12 17:24:25,540 [INFO] Fetched 200 candles for SOL-USDT-SWAP (5m)
2025-10-12 17:24:25,544 [INFO] Strategy check signal=None reason=short_sig=None, trend_up=False, trend_down=False
2025-10-12 17:24:25,545 [INFO] No aligned signal. Sleeping 20 seconds.
2025-10-12 17:24:47,510 [INFO] Fetched 100 candles for SOL-USDT-SWAP (1m)
2025-10-12 17:24:49,992 [INFO] Fetched 200 candles for SOL-USDT-SWAP (5m)
2025-10-12 17:24:49,996 [INFO] Strategy check signal=None reason=short_sig=None, trend_up=False, trend_down=False
2025-10-12 17:24:49,996 [INFO] No aligned signal. Sleeping 20 seconds.
2025-10-12 17:25:12,133 [INFO] Fetched 100 candles for SOL-USDT-SWAP (1m)
2025-10-12 17:25:14,493 [INFO] Fetched 200 candles for SOL-USDT-SWAP (5m)
2025-10-12 17:25:14,498 [INFO] Strategy check signal=None reason=short_sig=None, trend_up=False, trend_down=False
2025-10-12 17:25:14,499 [INFO] No aligned signal. Sleeping 20 seconds.
2025-10-12 17:25:37,037 [INFO] Fetched 100 candles for SOL-USDT-SWAP (1m)
2025-10-12 17:25:39,487 [INFO] Fetched 200 candles for SOL-USDT-SWAP (5m)
2025-10-12 17:25:39,492 [INFO] Strategy check signal=None reason=short_sig=None, trend_up=False, trend_down=False
2025-10-12 17:25:39,492 [INFO] No aligned signal. Sleeping 20 seconds.
2025-10-12 17:26:01,663 [INFO] Fetched 100 candles for SOL-USDT-SWAP (1m)
2025-10-12 17:26:04,047 [INFO] Fetched 200 candles for SOL-USDT-SWAP (5m)
2025-10-12 17:26:04,052 [INFO] Strategy check signal=None reason=short_sig=None, trend_up=False, trend_down=False
2025-10-12 17:26:04,052 [INFO] No aligned signal. Sleeping 20 seconds.
2025-10-12 17:26:26,281 [INFO] Fetched 100 candles for SOL-USDT-SWAP (1m)
2025-10-12 17:26:28,698 [INFO] Fetched 200 candles for SOL-USDT-SWAP (5m)
2025-10-12 17:26:28,706 [INFO] Strategy check signal=None reason=short_sig=None, trend_up=False, trend_down=False
2025-10-12 17:26:28,706 [INFO] No aligned signal. Sleeping 20 seconds.
2025-10-12 17:26:51,084 [INFO] Fetched 100 candles for SOL-USDT-SWAP (1m)
2025-10-12 17:26:53,460 [INFO] Fetched 200 candles for SOL-USDT-SWAP (5m)
2025-10-12 17:26:53,465 [INFO] Strategy check signal=None reason=short_sig=None, trend_up=False, trend_down=False
2025-10-12 17:26:53,465 [INFO] No aligned signal. Sleeping 20 seconds.
2025-10-12 17:27:15,734 [INFO] Fetched 100 candles for SOL-USDT-SWAP (1m)
2025-10-12 17:27:18,038 [INFO] Fetched 200 candles for SOL-USDT-SWAP (5m)
2025-10-12 17:27:18,042 [INFO] Strategy check signal=None reason=short_sig=None, trend_up=False, trend_down=False
2025-10-12 17:27:18,042 [INFO] No aligned signal. Sleeping 20 seconds.
2025-10-12 17:27:40,185 [INFO] Fetched 100 candles for SOL-USDT-SWAP (1m)
2025-10-12 17:27:42,515 [INFO] Fetched 200 candles for SOL-USDT-SWAP (5m)
2025-10-12 17:27:42,520 [INFO] Strategy check signal=None reason=short_sig=None, trend_up=False, trend_down=False
2025-10-12 17:27:42,520 [INFO] No aligned signal. Sleeping 20 seconds.
2025-10-12 17:28:05,853 [INFO] Fetched 100 candles for SOL-USDT-SWAP (1m)
2025-10-12 17:28:09,820 [INFO] Fetched 200 candles for SOL-USDT-SWAP (5m)
2025-10-12 17:28:09,824 [INFO] Strategy check signal=None reason=short_sig=None, trend_up=False, trend_down=False
2025-10-12 17:28:09,825 [INFO] No aligned signal. Sleeping 20 seconds.
2025-10-12 17:28:32,041 [INFO] Fetched 100 candles for SOL-USDT-SWAP (1m)
2025-10-12 17:28:34,412 [INFO] Fetched 200 candles for SOL-USDT-SWAP (5m)
2025-10-12 17:28:34,416 [INFO] Strategy check signal=None reason=short_sig=None, trend_up=False, trend_down=False
2025-10-12 17:28:34,416 [INFO] No aligned signal. Sleeping 20 seconds.
2025-10-12 17:28:56,164 [INFO] Fetched 100 candles for SOL-USDT-SWAP (1m)
2025-10-12 17:28:58,177 [INFO] Fetched 200 candles for SOL-USDT-SWAP (5m)
2025-10-12 17:28:58,180 [INFO] Strategy check signal=None reason=short_sig=None, trend_up=False, trend_down=False
2025-10-12 17:28:58,180 [INFO] No aligned signal. Sleeping 20 seconds.
2025-10-12 17:29:20,063 [INFO] Fetched 100 candles for SOL-USDT-SWAP (1m)
2025-10-12 17:29:22,097 [INFO] Fetched 200 candles for SOL-USDT-SWAP (5m)
2025-10-12 17:29:22,103 [INFO] Strategy check signal=None reason=short_sig=None, trend_up=False, trend_down=False
2025-10-12 17:29:22,103 [INFO] No aligned signal. Sleeping 20 seconds.
2025-10-12 17:29:43,918 [INFO] Fetched 100 candles for SOL-USDT-SWAP (1m)
2025-10-12 17:29:46,010 [INFO] Fetched 200 candles for SOL-USDT-SWAP (5m)
2025-10-12 17:29:46,013 [INFO] Strategy check signal=None reason=short_sig=None, trend_up=False, trend_down=False
2025-10-12 17:29:46,014 [INFO] No aligned signal. Sleeping 20 seconds.
2025-10-12 17:30:08,000 [INFO] Fetched 100 candles for SOL-USDT-SWAP (1m)
2025-10-12 17:30:10,079 [INFO] Fetched 200 candles for SOL-USDT-SWAP (5m)
2025-10-12 17:30:10,082 [INFO] Strategy check signal=None reason=short_sig=None, trend_up=False, trend_down=False
2025-10-12 17:30:10,082 [INFO] No aligned signal. Sleeping 20 seconds.
2025-10-12 17:30:32,036 [INFO] Fetched 100 candles for SOL-USDT-SWAP (1m)
2025-10-12 17:30:33,861 [INFO] Fetched 200 candles for SOL-USDT-SWAP (5m)
2025-10-12 17:30:33,864 [INFO] Strategy check signal=None reason=short_sig=None, trend_up=False, trend_down=False
2025-10-12 17:30:33,864 [INFO] No aligned signal. Sleeping 20 seconds.
2025-10-12 17:30:55,809 [INFO] Fetched 100 candles for SOL-USDT-SWAP (1m)
2025-10-12 17:30:57,953 [INFO] Fetched 200 candles for SOL-USDT-SWAP (5m)
2025-10-12 17:30:57,955 [INFO] Strategy check signal=None reason=short_sig=None, trend_up=False, trend_down=False
2025-10-12 17:30:57,956 [INFO] No aligned signal. Sleeping 20 seconds.
2025-10-12 17:31:19,574 [INFO] Fetched 100 candles for SOL-USDT-SWAP (1m)
2025-10-12 17:31:21,570 [INFO] Fetched 200 candles for SOL-USDT-SWAP (5m)
2025-10-12 17:31:21,574 [INFO] Strategy check signal=None reason=short_sig=None, trend_up=False, trend_down=False
2025-10-12 17:31:21,574 [INFO] No aligned signal. Sleeping 20 seconds.
2025-10-12 17:31:43,162 [INFO] Fetched 100 candles for SOL-USDT-SWAP (1m)
2025-10-12 17:31:46,029 [INFO] Fetched 200 candles for SOL-USDT-SWAP (5m)
2025-10-12 17:31:46,032 [INFO] Strategy check signal=None reason=short_sig=None, trend_up=False, trend_down=False
2025-10-12 17:31:46,032 [INFO] No aligned signal. Sleeping 20 seconds.
2025-10-12 17:32:08,046 [INFO] Fetched 100 candles for SOL-USDT-SWAP (1m)
2025-10-12 17:32:10,128 [INFO] Fetched 200 candles for SOL-USDT-SWAP (5m)
2025-10-12 17:32:10,130 [INFO] Strategy check signal=None reason=short_sig=None, trend_up=False, trend_down=False
2025-10-12 17:32:10,131 [INFO] No aligned signal. Sleeping 20 seconds.
2025-10-12 17:32:31,929 [INFO] Fetched 100 candles for SOL-USDT-SWAP (1m)
2025-10-12 17:32:34,027 [INFO] Fetched 200 candles for SOL-USDT-SWAP (5m)
2025-10-12 17:32:34,030 [INFO] Strategy check signal=None reason=short_sig=None, trend_up=False, trend_down=False
2025-10-12 17:32:34,031 [INFO] No aligned signal. Sleeping 20 seconds.
2025-10-12 17:32:55,858 [INFO] Fetched 100 candles for SOL-USDT-SWAP (1m)
2025-10-12 17:32:57,871 [INFO] Fetched 200 candles for SOL-USDT-SWAP (5m)
2025-10-12 17:32:57,874 [INFO] Strategy check signal=None reason=short_sig=None, trend_up=False, trend_down=False
2025-10-12 17:32:57,875 [INFO] No aligned signal. Sleeping 20 seconds.
2025-10-12 17:33:19,391 [INFO] Fetched 100 candles for SOL-USDT-SWAP (1m)
2025-10-12 17:33:21,214 [INFO] Fetched 200 candles for SOL-USDT-SWAP (5m)
2025-10-12 17:33:21,217 [INFO] Strategy check signal=None reason=short_sig=None, trend_up=False, trend_down=False
2025-10-12 17:33:21,217 [INFO] No aligned signal. Sleeping 20 seconds.
2025-10-12 17:33:43,037 [INFO] Fetched 100 candles for SOL-USDT-SWAP (1m)
2025-10-12 17:33:45,062 [INFO] Fetched 200 candles for SOL-USDT-SWAP (5m)
2025-10-12 17:33:45,065 [INFO] Strategy check signal=None reason=short_sig=None, trend_up=False, trend_down=False
2025-10-12 17:33:45,066 [INFO] No aligned signal. Sleeping 20 seconds.
2025-10-12 17:34:06,878 [INFO] Fetched 100 candles for SOL-USDT-SWAP (1m)
2025-10-12 17:34:09,155 [INFO] Fetched 200 candles for SOL-USDT-SWAP (5m)
2025-10-12 17:34:09,158 [INFO] Strategy check signal=None reason=short_sig=None, trend_up=False, trend_down=False
2025-10-12 17:34:09,158 [INFO] No aligned signal. Sleeping 20 seconds.
2025-10-12 17:34:31,026 [INFO] Fetched 100 candles for SOL-USDT-SWAP (1m)
2025-10-12 17:34:33,163 [INFO] Fetched 200 candles for SOL-USDT-SWAP (5m)
2025-10-12 17:34:33,166 [INFO] Strategy check signal=None reason=short_sig=None, trend_up=False, trend_down=False
2025-10-12 17:34:33,167 [INFO] No aligned signal. Sleeping 20 seconds.
2025-10-12 17:34:55,096 [INFO] Fetched 100 candles for SOL-USDT-SWAP (1m)
2025-10-12 17:34:57,098 [INFO] Fetched 200 candles for SOL-USDT-SWAP (5m)
2025-10-12 17:34:57,102 [INFO] Strategy check signal=None reason=short_sig=None, trend_up=False, trend_down=False
2025-10-12 17:34:57,102 [INFO] No aligned signal. Sleeping 20 seconds.
2025-10-12 17:35:18,793 [INFO] Fetched 100 candles for SOL-USDT-SWAP (1m)
2025-10-12 17:35:20,906 [INFO] Fetched 200 candles for SOL-USDT-SWAP (5m)
2025-10-12 17:35:20,910 [INFO] Strategy check signal=None reason=short_sig=None, trend_up=False, trend_down=False
2025-10-12 17:35:20,910 [INFO] No aligned signal. Sleeping 20 seconds.
2025-10-12 17:35:42,844 [INFO] Fetched 100 candles for SOL-USDT-SWAP (1m)
2025-10-12 17:35:44,848 [INFO] Fetched 200 candles for SOL-USDT-SWAP (5m)
2025-10-12 17:35:44,851 [INFO] Strategy check signal=None reason=short_sig=None, trend_up=False, trend_down=False
2025-10-12 17:35:44,851 [INFO] No aligned signal. Sleeping 20 seconds.
2025-10-12 17:35:48,765 [INFO] Console thread exiting.
2025-10-12 17:36:04,850 [INFO] Unknown command: exexit
2025-10-12 17:36:06,712 [INFO] Fetched 100 candles for SOL-USDT-SWAP (1m)
2025-10-12 17:36:08,552 [INFO] Fetched 200 candles for SOL-USDT-SWAP (5m)
2025-10-12 17:36:08,556 [INFO] Strategy check signal=None reason=short_sig=None, trend_up=False, trend_down=False
2025-10-12 17:36:08,556 [INFO] No aligned signal. Sleeping 20 seconds.
2025-10-12 17:36:28,555 [INFO] Exit requested. Shutting down.
2025-10-12 17:36:28,556 [INFO] NOTIFY: Bot stopped (script exit).
2025-10-12 17:36:28,556 [INFO] Telegram not configured; message: Bot stopped (script exit).
2025-10-12 17:46:34,066 [INFO] Connectivity test HTTP 200
2025-10-12 17:46:34,068 [INFO] Console ready. Type: start / stop / status / reset_losses / exit
2025-10-12 17:46:34,068 [INFO] Bot started (demo-mode). INST=SOL-USDT-SWAP LEVERAGE=3x PHP_PER_TRADE=100000
2025-10-12 17:46:49,091 [INFO] Console thread exiting.
2025-10-12 17:46:50,074 [INFO] Exit requested. Shutting down.
2025-10-12 17:46:50,075 [INFO] NOTIFY: Bot stopped (script exit).
2025-10-12 17:46:50,076 [INFO] Telegram not configured; message: Bot stopped (script exit).
2025-10-12 18:15:35,146 [INFO] Connectivity test HTTP 200
2025-10-12 18:15:35,148 [INFO] Console ready. Type: start / stop / status / reset_losses / exit
2025-10-12 18:15:35,148 [INFO] Bot started (demo-mode). INST=SOL-USDT-SWAP LEVERAGE=3x PHP_PER_TRADE=100000
2025-10-12 18:15:39,153 [INFO] Bot set to RUNNING.
2025-10-12 18:15:41,418 [INFO] Fetched 100 candles for SOL-USDT-SWAP (1m)
2025-10-12 18:15:43,807 [INFO] Fetched 200 candles for SOL-USDT-SWAP (5m)
2025-10-12 18:15:43,811 [INFO] Strategy check signal=None reason=short_sig=None, trend_up=False, trend_down=False
2025-10-12 18:15:43,813 [INFO] No aligned signal. Sleeping 20 seconds.
2025-10-12 18:16:06,239 [INFO] Fetched 100 candles for SOL-USDT-SWAP (1m)
2025-10-12 18:16:09,082 [INFO] Fetched 200 candles for SOL-USDT-SWAP (5m)
2025-10-12 18:16:09,086 [INFO] Strategy check signal=None reason=short_sig=None, trend_up=False, trend_down=False
2025-10-12 18:16:09,087 [INFO] No aligned signal. Sleeping 20 seconds.
2025-10-12 18:16:31,517 [INFO] Fetched 100 candles for SOL-USDT-SWAP (1m)
2025-10-12 18:16:34,218 [INFO] Fetched 200 candles for SOL-USDT-SWAP (5m)
2025-10-12 18:16:34,223 [INFO] Strategy check signal=None reason=short_sig=None, trend_up=False, trend_down=False
2025-10-12 18:16:34,223 [INFO] No aligned signal. Sleeping 20 seconds.
2025-10-12 18:16:56,463 [INFO] Fetched 100 candles for SOL-USDT-SWAP (1m)
2025-10-12 18:16:59,081 [INFO] Fetched 200 candles for SOL-USDT-SWAP (5m)
2025-10-12 18:16:59,084 [INFO] Strategy check signal=None reason=short_sig=None, trend_up=False, trend_down=False
2025-10-12 18:16:59,085 [INFO] No aligned signal. Sleeping 20 seconds.
2025-10-12 18:17:21,691 [INFO] Fetched 100 candles for SOL-USDT-SWAP (1m)
2025-10-12 18:17:24,428 [INFO] Fetched 200 candles for SOL-USDT-SWAP (5m)
2025-10-12 18:17:24,432 [INFO] Strategy check signal=None reason=short_sig=None, trend_up=False, trend_down=False
2025-10-12 18:17:24,432 [INFO] No aligned signal. Sleeping 20 seconds.
2025-10-12 18:17:46,857 [INFO] Fetched 100 candles for SOL-USDT-SWAP (1m)
2025-10-12 18:17:49,582 [INFO] Fetched 200 candles for SOL-USDT-SWAP (5m)
2025-10-12 18:17:49,587 [INFO] Strategy check signal=None reason=short_sig=None, trend_up=False, trend_down=False
2025-10-12 18:17:49,587 [INFO] No aligned signal. Sleeping 20 seconds.
2025-10-12 18:17:51,300 [INFO] Console thread exiting.
2025-10-12 18:18:46,534 [INFO] Connectivity test HTTP 200
2025-10-12 18:18:46,535 [INFO] Console ready. Type: start / stop / status / reset_losses / exit
2025-10-12 18:18:46,535 [INFO] Bot started (demo-mode). INST=SOL-USDT-SWAP LEVERAGE=3x PHP_PER_TRADE=100000
2025-10-12 18:18:50,537 [INFO] Unknown command: & c:/users/chan/appdata/local/programs/python/python313/python.exe c:/users/chan/documents/ghosttrader0123/trial.py
2025-10-12 18:19:34,940 [INFO] Connectivity test HTTP 200
2025-10-12 18:19:34,942 [INFO] Console ready. Type: start / stop / status / reset_losses / exit
2025-10-12 18:19:34,942 [INFO] Bot started (demo-mode). INST=SOL-USDT-SWAP LEVERAGE=3x PHP_PER_TRADE=100000
2025-10-12 18:19:37,944 [INFO] Bot set to RUNNING.
2025-10-12 18:19:40,244 [WARNING] OKX API returned code != 0: {'code': '51000', 'msg': 'Parameter bar error', 'data': []}
2025-10-12 18:19:40,245 [ERROR] Empty candles response: {'code': '51000', 'msg': 'Parameter bar error', 'data': []}
2025-10-12 18:19:42,889 [INFO] Fetched 200 candles for SOL-USDT-SWAP (3m)
2025-10-12 18:19:42,890 [WARNING] Failed to fetch candles; retrying after sleep.
2025-10-12 18:19:49,992 [WARNING] OKX API returned code != 0: {'code': '51000', 'msg': 'Parameter bar error', 'data': []}
2025-10-12 18:19:49,992 [ERROR] Empty candles response: {'code': '51000', 'msg': 'Parameter bar error', 'data': []}
2025-10-12 18:19:52,577 [INFO] Fetched 200 candles for SOL-USDT-SWAP (3m)
2025-10-12 18:19:52,578 [WARNING] Failed to fetch candles; retrying after sleep.
2025-10-12 18:19:59,665 [WARNING] OKX API returned code != 0: {'code': '51000', 'msg': 'Parameter bar error', 'data': []}
2025-10-12 18:19:59,666 [ERROR] Empty candles response: {'code': '51000', 'msg': 'Parameter bar error', 'data': []}
2025-10-12 18:20:02,237 [INFO] Fetched 200 candles for SOL-USDT-SWAP (3m)
2025-10-12 18:20:02,238 [WARNING] Failed to fetch candles; retrying after sleep.
2025-10-12 18:20:04,932 [INFO] Console thread exiting.
2025-10-12 18:20:07,238 [INFO] Exit requested. Shutting down.
2025-10-12 18:20:07,239 [INFO] NOTIFY: Bot stopped (script exit).
2025-10-12 18:20:07,240 [INFO] Telegram not configured; message: Bot stopped (script exit).
2025-10-12 18:20:55,190 [INFO] Connectivity test HTTP 200
2025-10-12 18:20:55,191 [INFO] Console ready. Type: start / stop / status / reset_losses / exit
2025-10-12 18:20:55,191 [INFO] Bot started (demo-mode). INST=SOL-USDT-SWAP LEVERAGE=3x PHP_PER_TRADE=100000
2025-10-12 18:21:03,196 [INFO] Bot set to RUNNING.
2025-10-12 18:21:05,514 [INFO] Fetched 100 candles for SOL-USDT-SWAP (1m)
2025-10-12 18:21:08,381 [INFO] Fetched 200 candles for SOL-USDT-SWAP (3m)
2025-10-12 18:21:08,385 [INFO] Strategy check signal=None reason=short_sig=None, trend_up=False, trend_down=False
2025-10-12 18:21:08,386 [INFO] No aligned signal. Sleeping 10 seconds.
2025-10-12 18:21:20,891 [INFO] Fetched 100 candles for SOL-USDT-SWAP (1m)
2025-10-12 18:21:23,699 [INFO] Fetched 200 candles for SOL-USDT-SWAP (3m)
2025-10-12 18:21:23,702 [INFO] Strategy check signal=None reason=short_sig=None, trend_up=False, trend_down=False
2025-10-12 18:21:23,703 [INFO] No aligned signal. Sleeping 10 seconds.
2025-10-12 18:21:36,171 [INFO] Fetched 100 candles for SOL-USDT-SWAP (1m)
2025-10-12 18:21:38,958 [INFO] Fetched 200 candles for SOL-USDT-SWAP (3m)
2025-10-12 18:21:38,963 [INFO] Strategy check signal=None reason=short_sig=None, trend_up=False, trend_down=False
2025-10-12 18:21:38,963 [INFO] No aligned signal. Sleeping 10 seconds.
2025-10-12 18:21:51,461 [INFO] Fetched 100 candles for SOL-USDT-SWAP (1m)
2025-10-12 18:21:54,307 [INFO] Fetched 200 candles for SOL-USDT-SWAP (3m)
2025-10-12 18:21:54,312 [INFO] Strategy check signal=None reason=short_sig=None, trend_up=False, trend_down=False
2025-10-12 18:21:54,312 [INFO] No aligned signal. Sleeping 10 seconds.
2025-10-12 18:22:06,748 [INFO] Fetched 100 candles for SOL-USDT-SWAP (1m)
2025-10-12 18:22:09,525 [INFO] Fetched 200 candles for SOL-USDT-SWAP (3m)
2025-10-12 18:22:09,530 [INFO] Strategy check signal=None reason=short_sig=None, trend_up=False, trend_down=False
2025-10-12 18:22:09,530 [INFO] No aligned signal. Sleeping 10 seconds.
2025-10-12 18:22:22,109 [INFO] Fetched 100 candles for SOL-USDT-SWAP (1m)
2025-10-12 18:22:24,995 [INFO] Fetched 200 candles for SOL-USDT-SWAP (3m)
2025-10-12 18:22:24,999 [INFO] Strategy check signal=None reason=short_sig=None, trend_up=False, trend_down=False
2025-10-12 18:22:24,999 [INFO] No aligned signal. Sleeping 10 seconds.
2025-10-12 18:22:37,570 [INFO] Fetched 100 candles for SOL-USDT-SWAP (1m)
2025-10-12 18:22:40,448 [INFO] Fetched 200 candles for SOL-USDT-SWAP (3m)
2025-10-12 18:22:40,452 [INFO] Strategy check signal=None reason=short_sig=None, trend_up=False, trend_down=False
2025-10-12 18:22:40,452 [INFO] No aligned signal. Sleeping 10 seconds.
2025-10-12 18:22:52,934 [INFO] Fetched 100 candles for SOL-USDT-SWAP (1m)
2025-10-12 18:22:55,829 [INFO] Fetched 200 candles for SOL-USDT-SWAP (3m)
2025-10-12 18:22:55,833 [INFO] Strategy check signal=None reason=short_sig=None, trend_up=False, trend_down=False
2025-10-12 18:22:55,834 [INFO] No aligned signal. Sleeping 10 seconds.
2025-10-12 18:23:08,142 [INFO] Fetched 100 candles for SOL-USDT-SWAP (1m)
2025-10-12 18:23:10,965 [INFO] Fetched 200 candles for SOL-USDT-SWAP (3m)
2025-10-12 18:23:10,970 [INFO] Strategy check signal=None reason=short_sig=None, trend_up=False, trend_down=False
2025-10-12 18:23:10,970 [INFO] No aligned signal. Sleeping 10 seconds.
2025-10-12 18:23:23,510 [INFO] Fetched 100 candles for SOL-USDT-SWAP (1m)
2025-10-12 18:23:26,433 [INFO] Fetched 200 candles for SOL-USDT-SWAP (3m)
2025-10-12 18:23:26,438 [INFO] Strategy check signal=None reason=short_sig=None, trend_up=False, trend_down=False
2025-10-12 18:23:26,438 [INFO] No aligned signal. Sleeping 10 seconds.
2025-10-12 18:23:38,961 [INFO] Fetched 100 candles for SOL-USDT-SWAP (1m)
2025-10-12 18:23:41,810 [INFO] Fetched 200 candles for SOL-USDT-SWAP (3m)
2025-10-12 18:23:41,816 [INFO] Strategy check signal=None reason=short_sig=None, trend_up=False, trend_down=False
2025-10-12 18:23:41,817 [INFO] No aligned signal. Sleeping 10 seconds.
2025-10-12 18:23:54,303 [INFO] Fetched 100 candles for SOL-USDT-SWAP (1m)
2025-10-12 18:23:57,121 [INFO] Fetched 200 candles for SOL-USDT-SWAP (3m)
2025-10-12 18:23:57,125 [INFO] Strategy check signal=None reason=short_sig=None, trend_up=False, trend_down=False
2025-10-12 18:23:57,125 [INFO] No aligned signal. Sleeping 10 seconds.
2025-10-12 18:24:09,842 [INFO] Fetched 100 candles for SOL-USDT-SWAP (1m)
2025-10-12 18:24:12,564 [INFO] Fetched 200 candles for SOL-USDT-SWAP (3m)
2025-10-12 18:24:12,568 [INFO] Strategy check signal=None reason=short_sig=None, trend_up=False, trend_down=False
2025-10-12 18:24:12,569 [INFO] No aligned signal. Sleeping 10 seconds.
2025-10-12 18:24:25,126 [INFO] Fetched 100 candles for SOL-USDT-SWAP (1m)
2025-10-12 18:24:27,973 [INFO] Fetched 200 candles for SOL-USDT-SWAP (3m)
2025-10-12 18:24:27,977 [INFO] Strategy check signal=None reason=short_sig=None, trend_up=False, trend_down=False
2025-10-12 18:24:27,978 [INFO] No aligned signal. Sleeping 10 seconds.
2025-10-12 18:24:40,415 [INFO] Fetched 100 candles for SOL-USDT-SWAP (1m)
2025-10-12 18:24:43,530 [INFO] Fetched 200 candles for SOL-USDT-SWAP (3m)
2025-10-12 18:24:43,534 [INFO] Strategy check signal=None reason=short_sig=None, trend_up=False, trend_down=False
2025-10-12 18:24:43,535 [INFO] No aligned signal. Sleeping 10 seconds.
2025-10-12 18:24:56,025 [INFO] Fetched 100 candles for SOL-USDT-SWAP (1m)
2025-10-12 18:24:59,235 [INFO] Fetched 200 candles for SOL-USDT-SWAP (3m)
2025-10-12 18:24:59,239 [INFO] Strategy check signal=None reason=short_sig=None, trend_up=False, trend_down=False
2025-10-12 18:24:59,239 [INFO] No aligned signal. Sleeping 10 seconds.
2025-10-12 18:25:11,825 [INFO] Fetched 100 candles for SOL-USDT-SWAP (1m)
2025-10-12 18:25:14,676 [INFO] Fetched 200 candles for SOL-USDT-SWAP (3m)
2025-10-12 18:25:14,680 [INFO] Strategy check signal=None reason=short_sig=None, trend_up=False, trend_down=False
2025-10-12 18:25:14,680 [INFO] No aligned signal. Sleeping 10 seconds.
2025-10-12 18:25:27,176 [INFO] Fetched 100 candles for SOL-USDT-SWAP (1m)
2025-10-12 18:25:30,008 [INFO] Fetched 200 candles for SOL-USDT-SWAP (3m)
2025-10-12 18:25:30,013 [INFO] Strategy check signal=None reason=short_sig=None, trend_up=False, trend_down=False
2025-10-12 18:25:30,013 [INFO] No aligned signal. Sleeping 10 seconds.
2025-10-12 18:25:43,763 [INFO] Fetched 100 candles for SOL-USDT-SWAP (1m)
2025-10-12 18:25:46,550 [INFO] Fetched 200 candles for SOL-USDT-SWAP (3m)
2025-10-12 18:25:46,560 [INFO] Strategy check signal=None reason=short_sig=None, trend_up=False, trend_down=False
2025-10-12 18:25:46,560 [INFO] No aligned signal. Sleeping 10 seconds.
2025-10-12 18:25:59,156 [INFO] Fetched 100 candles for SOL-USDT-SWAP (1m)
2025-10-12 18:26:02,263 [INFO] Fetched 200 candles for SOL-USDT-SWAP (3m)
2025-10-12 18:26:02,270 [INFO] Strategy check signal=None reason=short_sig=None, trend_up=False, trend_down=False
2025-10-12 18:26:02,270 [INFO] No aligned signal. Sleeping 10 seconds.
2025-10-12 18:26:14,649 [INFO] Fetched 100 candles for SOL-USDT-SWAP (1m)
2025-10-12 18:26:17,649 [INFO] Fetched 200 candles for SOL-USDT-SWAP (3m)
2025-10-12 18:26:17,654 [INFO] Strategy check signal=None reason=short_sig=None, trend_up=False, trend_down=False
2025-10-12 18:26:17,654 [INFO] No aligned signal. Sleeping 10 seconds.
2025-10-12 18:26:30,675 [INFO] Fetched 100 candles for SOL-USDT-SWAP (1m)
2025-10-12 18:26:33,818 [INFO] Fetched 200 candles for SOL-USDT-SWAP (3m)
2025-10-12 18:26:33,823 [INFO] Strategy check signal=None reason=short_sig=None, trend_up=False, trend_down=False
2025-10-12 18:26:33,824 [INFO] No aligned signal. Sleeping 10 seconds.
2025-10-12 18:26:46,647 [INFO] Fetched 100 candles for SOL-USDT-SWAP (1m)
2025-10-12 18:26:49,550 [INFO] Fetched 200 candles for SOL-USDT-SWAP (3m)
2025-10-12 18:26:49,554 [INFO] Strategy check signal=None reason=short_sig=None, trend_up=False, trend_down=False
2025-10-12 18:26:49,554 [INFO] No aligned signal. Sleeping 10 seconds.
2025-10-12 18:27:02,198 [INFO] Fetched 100 candles for SOL-USDT-SWAP (1m)
2025-10-12 18:27:05,389 [INFO] Fetched 200 candles for SOL-USDT-SWAP (3m)
2025-10-12 18:27:05,394 [INFO] Strategy check signal=None reason=short_sig=None, trend_up=False, trend_down=False
2025-10-12 18:27:05,394 [INFO] No aligned signal. Sleeping 10 seconds.
2025-10-12 18:27:18,129 [INFO] Fetched 100 candles for SOL-USDT-SWAP (1m)
2025-10-12 18:27:20,977 [INFO] Fetched 200 candles for SOL-USDT-SWAP (3m)
2025-10-12 18:27:20,982 [INFO] Strategy check signal=None reason=short_sig=None, trend_up=False, trend_down=False
2025-10-12 18:27:20,982 [INFO] No aligned signal. Sleeping 10 seconds.
2025-10-12 18:27:33,530 [INFO] Fetched 100 candles for SOL-USDT-SWAP (1m)
2025-10-12 18:27:36,538 [INFO] Fetched 200 candles for SOL-USDT-SWAP (3m)
2025-10-12 18:27:36,542 [INFO] Strategy check signal=None reason=short_sig=None, trend_up=False, trend_down=False
2025-10-12 18:27:36,543 [INFO] No aligned signal. Sleeping 10 seconds.
2025-10-12 18:27:49,236 [INFO] Fetched 100 candles for SOL-USDT-SWAP (1m)
2025-10-12 18:27:52,162 [INFO] Fetched 200 candles for SOL-USDT-SWAP (3m)
2025-10-12 18:27:52,166 [INFO] Strategy check signal=None reason=short_sig=None, trend_up=False, trend_down=False
2025-10-12 18:27:52,166 [INFO] No aligned signal. Sleeping 10 seconds.
2025-10-12 18:28:04,754 [INFO] Fetched 100 candles for SOL-USDT-SWAP (1m)
2025-10-12 18:28:07,823 [INFO] Fetched 200 candles for SOL-USDT-SWAP (3m)
2025-10-12 18:28:07,829 [INFO] Strategy check signal=None reason=short_sig=None, trend_up=False, trend_down=False
2025-10-12 18:28:07,830 [INFO] No aligned signal. Sleeping 10 seconds.
2025-10-12 18:28:20,521 [INFO] Fetched 100 candles for SOL-USDT-SWAP (1m)
2025-10-12 18:28:23,559 [INFO] Fetched 200 candles for SOL-USDT-SWAP (3m)
2025-10-12 18:28:23,563 [INFO] Strategy check signal=None reason=short_sig=None, trend_up=False, trend_down=False
2025-10-12 18:28:23,563 [INFO] No aligned signal. Sleeping 10 seconds.
2025-10-12 18:28:35,914 [INFO] Fetched 100 candles for SOL-USDT-SWAP (1m)
2025-10-12 18:28:39,036 [INFO] Fetched 200 candles for SOL-USDT-SWAP (3m)
2025-10-12 18:28:39,042 [INFO] Strategy check signal=None reason=short_sig=None, trend_up=False, trend_down=False
2025-10-12 18:28:39,042 [INFO] No aligned signal. Sleeping 10 seconds.
2025-10-12 18:28:51,748 [INFO] Fetched 100 candles for SOL-USDT-SWAP (1m)
2025-10-12 18:28:54,583 [INFO] Fetched 200 candles for SOL-USDT-SWAP (3m)
2025-10-12 18:28:54,588 [INFO] Strategy check signal=None reason=short_sig=None, trend_up=False, trend_down=False
2025-10-12 18:28:54,588 [INFO] No aligned signal. Sleeping 10 seconds.
2025-10-12 18:29:07,188 [INFO] Fetched 100 candles for SOL-USDT-SWAP (1m)
2025-10-12 18:29:10,152 [INFO] Fetched 200 candles for SOL-USDT-SWAP (3m)
2025-10-12 18:29:10,157 [INFO] Strategy check signal=None reason=short_sig=None, trend_up=False, trend_down=False
2025-10-12 18:29:10,158 [INFO] No aligned signal. Sleeping 10 seconds.
2025-10-12 18:29:22,611 [INFO] Fetched 100 candles for SOL-USDT-SWAP (1m)
2025-10-12 18:29:25,523 [INFO] Fetched 200 candles for SOL-USDT-SWAP (3m)
2025-10-12 18:29:25,527 [INFO] Strategy check signal=None reason=short_sig=None, trend_up=False, trend_down=False
2025-10-12 18:29:25,528 [INFO] No aligned signal. Sleeping 10 seconds.
2025-10-12 18:29:38,078 [INFO] Fetched 100 candles for SOL-USDT-SWAP (1m)
2025-10-12 18:29:41,391 [INFO] Fetched 200 candles for SOL-USDT-SWAP (3m)
2025-10-12 18:29:41,395 [INFO] Strategy check signal=None reason=short_sig=None, trend_up=False, trend_down=False
2025-10-12 18:29:41,396 [INFO] No aligned signal. Sleeping 10 seconds.
2025-10-12 18:29:53,962 [INFO] Fetched 100 candles for SOL-USDT-SWAP (1m)
2025-10-12 18:29:56,881 [INFO] Fetched 200 candles for SOL-USDT-SWAP (3m)
2025-10-12 18:29:56,886 [INFO] Strategy check signal=None reason=short_sig=None, trend_up=False, trend_down=False
2025-10-12 18:29:56,886 [INFO] No aligned signal. Sleeping 10 seconds.
2025-10-12 18:30:09,588 [INFO] Fetched 100 candles for SOL-USDT-SWAP (1m)
2025-10-12 18:30:12,561 [INFO] Fetched 200 candles for SOL-USDT-SWAP (3m)
2025-10-12 18:30:12,567 [INFO] Strategy check signal=None reason=short_sig=None, trend_up=False, trend_down=False
2025-10-12 18:30:12,568 [INFO] No aligned signal. Sleeping 10 seconds.
2025-10-12 18:30:25,438 [INFO] Fetched 100 candles for SOL-USDT-SWAP (1m)
2025-10-12 18:30:28,383 [INFO] Fetched 200 candles for SOL-USDT-SWAP (3m)
2025-10-12 18:30:28,387 [INFO] Strategy check signal=None reason=short_sig=None, trend_up=False, trend_down=False
2025-10-12 18:30:28,387 [INFO] No aligned signal. Sleeping 10 seconds.
2025-10-12 18:30:41,002 [INFO] Fetched 100 candles for SOL-USDT-SWAP (1m)
2025-10-12 18:30:43,888 [INFO] Fetched 200 candles for SOL-USDT-SWAP (3m)
2025-10-12 18:30:43,892 [INFO] Strategy check signal=None reason=short_sig=None, trend_up=False, trend_down=False
2025-10-12 18:30:43,892 [INFO] No aligned signal. Sleeping 10 seconds.
2025-10-12 18:30:56,639 [INFO] Fetched 100 candles for SOL-USDT-SWAP (1m)
2025-10-12 18:30:59,694 [INFO] Fetched 200 candles for SOL-USDT-SWAP (3m)
2025-10-12 18:30:59,698 [INFO] Strategy check signal=None reason=short_sig=None, trend_up=False, trend_down=False
2025-10-12 18:30:59,698 [INFO] No aligned signal. Sleeping 10 seconds.
2025-10-12 18:31:12,484 [INFO] Fetched 100 candles for SOL-USDT-SWAP (1m)
2025-10-12 18:31:15,392 [INFO] Fetched 200 candles for SOL-USDT-SWAP (3m)
2025-10-12 18:31:15,395 [INFO] Strategy check signal=None reason=short_sig=None, trend_up=False, trend_down=False
2025-10-12 18:31:15,396 [INFO] No aligned signal. Sleeping 10 seconds.
2025-10-12 18:31:28,002 [INFO] Fetched 100 candles for SOL-USDT-SWAP (1m)
2025-10-12 18:31:30,773 [INFO] Fetched 200 candles for SOL-USDT-SWAP (3m)
2025-10-12 18:31:30,778 [INFO] Strategy check signal=None reason=short_sig=None, trend_up=False, trend_down=False
2025-10-12 18:31:30,779 [INFO] No aligned signal. Sleeping 10 seconds.
2025-10-12 18:31:43,421 [INFO] Fetched 100 candles for SOL-USDT-SWAP (1m)
2025-10-12 18:31:46,187 [INFO] Fetched 200 candles for SOL-USDT-SWAP (3m)
2025-10-12 18:31:46,191 [INFO] Strategy check signal=None reason=short_sig=None, trend_up=False, trend_down=False
2025-10-12 18:31:46,191 [INFO] No aligned signal. Sleeping 10 seconds.
2025-10-12 18:31:58,870 [INFO] Fetched 100 candles for SOL-USDT-SWAP (1m)
2025-10-12 18:32:01,917 [INFO] Fetched 200 candles for SOL-USDT-SWAP (3m)
2025-10-12 18:32:01,922 [INFO] Strategy check signal=None reason=short_sig=None, trend_up=False, trend_down=False
2025-10-12 18:32:01,922 [INFO] No aligned signal. Sleeping 10 seconds.
2025-10-12 18:32:14,690 [INFO] Fetched 100 candles for SOL-USDT-SWAP (1m)
2025-10-12 18:32:18,023 [INFO] Fetched 200 candles for SOL-USDT-SWAP (3m)
2025-10-12 18:32:18,028 [INFO] Strategy check signal=None reason=short_sig=None, trend_up=False, trend_down=False
2025-10-12 18:32:18,029 [INFO] No aligned signal. Sleeping 10 seconds.
2025-10-12 18:32:30,556 [INFO] Fetched 100 candles for SOL-USDT-SWAP (1m)
2025-10-12 18:32:33,710 [INFO] Fetched 200 candles for SOL-USDT-SWAP (3m)
2025-10-12 18:32:33,716 [INFO] Strategy check signal=None reason=short_sig=None, trend_up=False, trend_down=False
2025-10-12 18:32:33,716 [INFO] No aligned signal. Sleeping 10 seconds.
2025-10-12 18:32:46,372 [INFO] Fetched 100 candles for SOL-USDT-SWAP (1m)
2025-10-12 18:32:49,516 [INFO] Fetched 200 candles for SOL-USDT-SWAP (3m)
2025-10-12 18:32:49,520 [INFO] Strategy check signal=None reason=short_sig=None, trend_up=False, trend_down=False
2025-10-12 18:32:49,521 [INFO] No aligned signal. Sleeping 10 seconds.
2025-10-12 18:33:01,069 [INFO] Console thread exiting.
2025-10-12 18:33:02,230 [INFO] Fetched 100 candles for SOL-USDT-SWAP (1m)
2025-10-12 18:33:05,362 [INFO] Fetched 200 candles for SOL-USDT-SWAP (3m)
2025-10-12 18:33:05,366 [INFO] Strategy check signal=None reason=short_sig=None, trend_up=False, trend_down=False
2025-10-12 18:33:05,366 [INFO] No aligned signal. Sleeping 10 seconds.
2025-10-12 18:33:51,951 [INFO] Connectivity test HTTP 200
2025-10-12 18:33:51,953 [INFO] Console ready. Type: start / stop / status / reset_losses / exit
2025-10-12 18:33:51,953 [INFO] Bot started (demo-mode). INST=ETH-USDT-SWAP LEVERAGE=3x PHP_PER_TRADE=100000
2025-10-12 18:33:54,955 [INFO] Bot set to RUNNING.
2025-10-12 18:33:57,596 [INFO] Fetched 100 candles for ETH-USDT-SWAP (1m)
2025-10-12 18:34:00,397 [INFO] Fetched 200 candles for ETH-USDT-SWAP (3m)
2025-10-12 18:34:00,402 [INFO] Strategy check signal=None reason=short_sig=None, trend_up=False, trend_down=False
2025-10-12 18:34:00,403 [INFO] No aligned signal. Sleeping 10 seconds.
2025-10-12 18:34:12,907 [INFO] Fetched 100 candles for ETH-USDT-SWAP (1m)
2025-10-12 18:34:15,865 [INFO] Fetched 200 candles for ETH-USDT-SWAP (3m)
2025-10-12 18:34:15,870 [INFO] Strategy check signal=None reason=short_sig=None, trend_up=False, trend_down=False
2025-10-12 18:34:15,870 [INFO] No aligned signal. Sleeping 10 seconds.
2025-10-12 18:34:28,738 [INFO] Fetched 100 candles for ETH-USDT-SWAP (1m)
2025-10-12 18:34:31,574 [INFO] Fetched 200 candles for ETH-USDT-SWAP (3m)
2025-10-12 18:34:31,579 [INFO] Strategy check signal=None reason=short_sig=None, trend_up=False, trend_down=False
2025-10-12 18:34:31,579 [INFO] No aligned signal. Sleeping 10 seconds.
2025-10-12 18:34:44,193 [INFO] Fetched 100 candles for ETH-USDT-SWAP (1m)
2025-10-12 18:34:46,898 [INFO] Fetched 200 candles for ETH-USDT-SWAP (3m)
2025-10-12 18:34:46,902 [INFO] Strategy check signal=None reason=short_sig=None, trend_up=False, trend_down=False
2025-10-12 18:34:46,902 [INFO] No aligned signal. Sleeping 10 seconds.
2025-10-12 18:34:57,602 [INFO] Console thread exiting.
2025-10-12 18:34:59,394 [INFO] Fetched 100 candles for ETH-USDT-SWAP (1m)
2025-10-12 18:35:02,148 [INFO] Fetched 200 candles for ETH-USDT-SWAP (3m)
2025-10-12 18:35:02,152 [INFO] Strategy check signal=None reason=short_sig=None, trend_up=False, trend_down=False
2025-10-12 18:35:02,153 [INFO] No aligned signal. Sleeping 10 seconds.
2025-10-12 18:35:26,637 [INFO] Connectivity test HTTP 200
2025-10-12 18:35:26,638 [INFO] Console ready. Type: start / stop / status / reset_losses / exit
2025-10-12 18:35:26,638 [INFO] Bot started (demo-mode). INST=ETH-USDT-SWAP LEVERAGE=3x PHP_PER_TRADE=100000
2025-10-12 18:35:30,643 [INFO] Bot set to RUNNING.
2025-10-12 18:35:33,453 [INFO] Fetched 100 candles for ETH-USDT-SWAP (1m)
2025-10-12 18:35:35,988 [INFO] Fetched 200 candles for ETH-USDT-SWAP (3m)
2025-10-12 18:35:35,993 [INFO] Strategy check signal=None reason=short_sig=None, trend_up=False, trend_down=False
2025-10-12 18:35:35,994 [INFO] No aligned signal. Sleeping 10 seconds.
2025-10-12 18:35:48,332 [INFO] Fetched 100 candles for ETH-USDT-SWAP (1m)
2025-10-12 18:35:52,190 [INFO] Fetched 200 candles for ETH-USDT-SWAP (3m)
2025-10-12 18:35:52,195 [INFO] Strategy check signal=None reason=short_sig=None, trend_up=False, trend_down=False
2025-10-12 18:35:52,195 [INFO] No aligned signal. Sleeping 10 seconds.
2025-10-12 18:36:04,958 [INFO] Fetched 100 candles for ETH-USDT-SWAP (1m)
2025-10-12 18:36:08,190 [INFO] Fetched 200 candles for ETH-USDT-SWAP (3m)
2025-10-12 18:36:08,194 [INFO] Strategy check signal=None reason=short_sig=None, trend_up=False, trend_down=False
2025-10-12 18:36:08,194 [INFO] No aligned signal. Sleeping 10 seconds.
2025-10-12 18:36:20,640 [INFO] Fetched 100 candles for ETH-USDT-SWAP (1m)
2025-10-12 18:36:23,692 [INFO] Fetched 200 candles for ETH-USDT-SWAP (3m)
2025-10-12 18:36:23,696 [INFO] Strategy check signal=None reason=short_sig=None, trend_up=False, trend_down=False
2025-10-12 18:36:23,696 [INFO] No aligned signal. Sleeping 10 seconds.
2025-10-12 18:36:36,260 [INFO] Fetched 100 candles for ETH-USDT-SWAP (1m)
2025-10-12 18:36:39,292 [INFO] Fetched 200 candles for ETH-USDT-SWAP (3m)
2025-10-12 18:36:39,297 [INFO] Strategy check signal=None reason=short_sig=None, trend_up=False, trend_down=False
2025-10-12 18:36:39,297 [INFO] No aligned signal. Sleeping 10 seconds.
2025-10-12 18:36:51,803 [INFO] Fetched 100 candles for ETH-USDT-SWAP (1m)
2025-10-12 18:36:54,827 [INFO] Fetched 200 candles for ETH-USDT-SWAP (3m)
2025-10-12 18:36:54,832 [INFO] Strategy check signal=None reason=short_sig=None, trend_up=False, trend_down=False
2025-10-12 18:36:54,833 [INFO] No aligned signal. Sleeping 10 seconds.
2025-10-12 18:37:07,255 [INFO] Fetched 100 candles for ETH-USDT-SWAP (1m)
2025-10-12 18:37:10,163 [INFO] Fetched 200 candles for ETH-USDT-SWAP (3m)
2025-10-12 18:37:10,167 [INFO] Strategy check signal=None reason=short_sig=None, trend_up=False, trend_down=False
2025-10-12 18:37:10,168 [INFO] No aligned signal. Sleeping 10 seconds.
2025-10-12 18:37:22,522 [INFO] Fetched 100 candles for ETH-USDT-SWAP (1m)
2025-10-12 18:37:25,430 [INFO] Fetched 200 candles for ETH-USDT-SWAP (3m)
2025-10-12 18:37:25,435 [INFO] Strategy check signal=None reason=short_sig=None, trend_up=False, trend_down=False
2025-10-12 18:37:25,435 [INFO] No aligned signal. Sleeping 10 seconds.
2025-10-12 18:37:37,771 [INFO] Fetched 100 candles for ETH-USDT-SWAP (1m)
2025-10-12 18:37:40,648 [INFO] Fetched 200 candles for ETH-USDT-SWAP (3m)
2025-10-12 18:37:40,653 [INFO] Strategy check signal=None reason=short_sig=None, trend_up=False, trend_down=False
2025-10-12 18:37:40,654 [INFO] No aligned signal. Sleeping 10 seconds.
2025-10-12 18:37:53,079 [INFO] Fetched 100 candles for ETH-USDT-SWAP (1m)
2025-10-12 18:37:56,060 [INFO] Fetched 200 candles for ETH-USDT-SWAP (3m)
2025-10-12 18:37:56,065 [INFO] Strategy check signal=None reason=short_sig=None, trend_up=False, trend_down=False
2025-10-12 18:37:56,066 [INFO] No aligned signal. Sleeping 10 seconds.
2025-10-12 18:38:09,237 [INFO] Fetched 100 candles for ETH-USDT-SWAP (1m)
2025-10-12 18:38:12,925 [INFO] Fetched 200 candles for ETH-USDT-SWAP (3m)
2025-10-12 18:38:12,930 [INFO] Strategy check signal=None reason=short_sig=None, trend_up=False, trend_down=False
2025-10-12 18:38:12,930 [INFO] No aligned signal. Sleeping 10 seconds.
2025-10-12 18:38:25,324 [INFO] Fetched 100 candles for ETH-USDT-SWAP (1m)
2025-10-12 18:38:28,059 [INFO] Fetched 200 candles for ETH-USDT-SWAP (3m)
2025-10-12 18:38:28,063 [INFO] Strategy check signal=None reason=short_sig=None, trend_up=False, trend_down=False
2025-10-12 18:38:28,063 [INFO] No aligned signal. Sleeping 10 seconds.
2025-10-12 18:38:40,468 [INFO] Fetched 100 candles for ETH-USDT-SWAP (1m)
2025-10-12 18:38:43,275 [INFO] Fetched 200 candles for ETH-USDT-SWAP (3m)
2025-10-12 18:38:43,280 [INFO] Strategy check signal=None reason=short_sig=None, trend_up=False, trend_down=False
2025-10-12 18:38:43,280 [INFO] No aligned signal. Sleeping 10 seconds.
2025-10-12 18:38:55,581 [INFO] Fetched 100 candles for ETH-USDT-SWAP (1m)
2025-10-12 18:38:58,274 [INFO] Fetched 200 candles for ETH-USDT-SWAP (3m)
2025-10-12 18:38:58,278 [INFO] Strategy check signal=None reason=short_sig=None, trend_up=False, trend_down=False
2025-10-12 18:38:58,278 [INFO] No aligned signal. Sleeping 10 seconds.
2025-10-12 18:39:10,596 [INFO] Fetched 100 candles for ETH-USDT-SWAP (1m)
2025-10-12 18:39:13,281 [INFO] Fetched 200 candles for ETH-USDT-SWAP (3m)
2025-10-12 18:39:13,284 [INFO] Strategy check signal=None reason=short_sig=None, trend_up=False, trend_down=False
2025-10-12 18:39:13,285 [INFO] No aligned signal. Sleeping 10 seconds.
2025-10-12 18:39:25,717 [INFO] Fetched 100 candles for ETH-USDT-SWAP (1m)
2025-10-12 18:39:28,287 [INFO] Fetched 200 candles for ETH-USDT-SWAP (3m)
2025-10-12 18:39:28,293 [INFO] Strategy check signal=None reason=short_sig=None, trend_up=False, trend_down=False
2025-10-12 18:39:28,293 [INFO] No aligned signal. Sleeping 10 seconds.
2025-10-12 18:39:40,588 [INFO] Fetched 100 candles for ETH-USDT-SWAP (1m)
2025-10-12 18:39:43,482 [INFO] Fetched 200 candles for ETH-USDT-SWAP (3m)
2025-10-12 18:39:43,486 [INFO] Strategy check signal=None reason=short_sig=None, trend_up=False, trend_down=False
2025-10-12 18:39:43,486 [INFO] No aligned signal. Sleeping 10 seconds.
2025-10-12 18:39:56,033 [INFO] Fetched 100 candles for ETH-USDT-SWAP (1m)
2025-10-12 18:39:58,932 [INFO] Fetched 200 candles for ETH-USDT-SWAP (3m)
2025-10-12 18:39:58,937 [INFO] Strategy check signal=None reason=short_sig=None, trend_up=False, trend_down=False
2025-10-12 18:39:58,937 [INFO] No aligned signal. Sleeping 10 seconds.
2025-10-12 18:40:11,648 [INFO] Fetched 100 candles for ETH-USDT-SWAP (1m)
2025-10-12 18:40:14,371 [INFO] Fetched 200 candles for ETH-USDT-SWAP (3m)
2025-10-12 18:40:14,377 [INFO] Strategy check signal=None reason=short_sig=None, trend_up=False, trend_down=False
2025-10-12 18:40:14,377 [INFO] No aligned signal. Sleeping 10 seconds.
2025-10-12 18:40:26,782 [INFO] Fetched 100 candles for ETH-USDT-SWAP (1m)
2025-10-12 18:40:29,487 [INFO] Fetched 200 candles for ETH-USDT-SWAP (3m)
2025-10-12 18:40:29,491 [INFO] Strategy check signal=None reason=short_sig=None, trend_up=False, trend_down=False
2025-10-12 18:40:29,492 [INFO] No aligned signal. Sleeping 10 seconds.
2025-10-12 18:40:41,890 [INFO] Fetched 100 candles for ETH-USDT-SWAP (1m)
2025-10-12 18:40:44,527 [INFO] Fetched 200 candles for ETH-USDT-SWAP (3m)
2025-10-12 18:40:44,533 [INFO] Strategy check signal=None reason=short_sig=None, trend_up=False, trend_down=False
2025-10-12 18:40:44,533 [INFO] No aligned signal. Sleeping 10 seconds.
2025-10-12 18:40:56,903 [INFO] Fetched 100 candles for ETH-USDT-SWAP (1m)
2025-10-12 18:40:59,884 [INFO] Fetched 200 candles for ETH-USDT-SWAP (3m)
2025-10-12 18:40:59,890 [INFO] Strategy check signal=None reason=short_sig=None, trend_up=False, trend_down=False
2025-10-12 18:40:59,890 [INFO] No aligned signal. Sleeping 10 seconds.
2025-10-12 18:41:12,242 [INFO] Fetched 100 candles for ETH-USDT-SWAP (1m)
2025-10-12 18:41:14,954 [INFO] Fetched 200 candles for ETH-USDT-SWAP (3m)
2025-10-12 18:41:14,958 [INFO] Strategy check signal=None reason=short_sig=None, trend_up=False, trend_down=False
2025-10-12 18:41:14,958 [INFO] No aligned signal. Sleeping 10 seconds.
2025-10-12 18:41:27,306 [INFO] Fetched 100 candles for ETH-USDT-SWAP (1m)
2025-10-12 18:41:29,898 [INFO] Fetched 200 candles for ETH-USDT-SWAP (3m)
2025-10-12 18:41:29,901 [INFO] Strategy check signal=None reason=short_sig=None, trend_up=False, trend_down=False
2025-10-12 18:41:29,902 [INFO] No aligned signal. Sleeping 10 seconds.
2025-10-12 18:45:27,225 [INFO] Connectivity test HTTP 200
2025-10-12 18:45:27,227 [INFO] Console ready. Type: start / stop / status / reset_losses / exit
2025-10-12 18:45:27,227 [INFO] Bot started (demo-mode). INST=ETH-USDT-SWAP LEVERAGE=3x PHP_PER_TRADE=100000
2025-10-12 18:45:31,230 [INFO] Bot set to RUNNING.
2025-10-12 18:45:33,571 [INFO] Fetched 100 candles for ETH-USDT-SWAP (1m)
2025-10-12 18:45:36,074 [INFO] Fetched 200 candles for ETH-USDT-SWAP (3m)
2025-10-12 18:45:38,217 [INFO] 📊 Price=3821.8600 | Short SAR=3816.2686 | Long SAR=nan
2025-10-12 18:45:38,222 [INFO] Strategy check signal=None reason=short_sig=None, trend_up=False, trend_down=False
2025-10-12 18:45:38,222 [INFO] No aligned signal. Sleeping 10 seconds.
2025-10-12 18:45:50,538 [INFO] Fetched 100 candles for ETH-USDT-SWAP (1m)
2025-10-12 18:45:53,225 [INFO] Fetched 200 candles for ETH-USDT-SWAP (3m)
2025-10-12 18:45:55,193 [INFO] 📊 Price=3822.7500 | Short SAR=3816.2686 | Long SAR=nan
2025-10-12 18:45:55,197 [INFO] Strategy check signal=None reason=short_sig=None, trend_up=False, trend_down=False
2025-10-12 18:45:55,197 [INFO] No aligned signal. Sleeping 10 seconds.
2025-10-12 18:46:07,968 [INFO] Fetched 100 candles for ETH-USDT-SWAP (1m)
2025-10-12 18:46:10,429 [INFO] Fetched 200 candles for ETH-USDT-SWAP (3m)
2025-10-12 18:46:12,865 [INFO] 📊 Price=3823.0400 | Short SAR=3816.6618 | Long SAR=nan
2025-10-12 18:46:12,870 [INFO] Strategy check signal=None reason=short_sig=None, trend_up=False, trend_down=False
2025-10-12 18:46:12,874 [INFO] No aligned signal. Sleeping 10 seconds.
2025-10-12 18:46:25,300 [INFO] Fetched 100 candles for ETH-USDT-SWAP (1m)
2025-10-12 18:46:28,343 [INFO] Fetched 200 candles for ETH-USDT-SWAP (3m)
2025-10-12 18:46:30,693 [INFO] 📊 Price=3820.0100 | Short SAR=3816.6618 | Long SAR=nan
2025-10-12 18:46:30,697 [INFO] Strategy check signal=None reason=short_sig=None, trend_up=False, trend_down=False
2025-10-12 18:46:30,698 [INFO] No aligned signal. Sleeping 10 seconds.
2025-10-12 18:46:43,101 [INFO] Fetched 100 candles for ETH-USDT-SWAP (1m)
2025-10-12 18:46:45,754 [INFO] Fetched 200 candles for ETH-USDT-SWAP (3m)
2025-10-12 18:46:48,111 [INFO] 📊 Price=3821.2400 | Short SAR=3816.6618 | Long SAR=nan
2025-10-12 18:46:48,115 [INFO] Strategy check signal=None reason=short_sig=None, trend_up=False, trend_down=False
2025-10-12 18:46:48,118 [INFO] No aligned signal. Sleeping 10 seconds.
2025-10-12 18:47:00,601 [INFO] Fetched 100 candles for ETH-USDT-SWAP (1m)
2025-10-12 18:47:03,183 [INFO] Fetched 200 candles for ETH-USDT-SWAP (3m)
2025-10-12 18:47:05,565 [INFO] 📊 Price=3822.3900 | Short SAR=3816.6618 | Long SAR=nan
2025-10-12 18:47:05,569 [INFO] Strategy check signal=None reason=short_sig=None, trend_up=False, trend_down=False
2025-10-12 18:47:05,569 [INFO] No aligned signal. Sleeping 10 seconds.
2025-10-12 18:47:11,736 [INFO] Console thread exiting.
2025-10-12 18:47:15,570 [INFO] Exit requested. Shutting down.
2025-10-12 18:47:15,571 [INFO] NOTIFY: Bot stopped (script exit).
2025-10-12 18:47:15,571 [INFO] Telegram not configured; message: Bot stopped (script exit).
2025-10-12 18:53:32,082 [INFO] Connectivity test HTTP 200
2025-10-12 18:53:32,083 [INFO] Console ready. Type: start / stop / status / reset_losses / exit
2025-10-12 18:53:32,083 [INFO] Bot started (demo-mode). INST=ETH-USDT-SWAP LEVERAGE=3x PHP_PER_TRADE=100000
2025-10-12 18:53:35,085 [INFO] Bot set to RUNNING.
2025-10-12 18:53:37,303 [INFO] Fetched 100 candles for ETH-USDT-SWAP (1m)
2025-10-12 18:53:39,615 [INFO] Fetched 200 candles for ETH-USDT-SWAP (3m)
2025-10-12 18:53:43,165 [INFO] 📊 Price=3819.1100 | Short SAR=nan | Long SAR=3813.2200
2025-10-12 18:53:43,171 [INFO] Strategy check signal=None reason=short_sig=None, trend_up=False, trend_down=False
2025-10-12 18:53:43,172 [INFO] No aligned signal. Sleeping 10 seconds.
2025-10-12 18:53:55,350 [INFO] Fetched 100 candles for ETH-USDT-SWAP (1m)
2025-10-12 18:53:57,482 [INFO] Fetched 200 candles for ETH-USDT-SWAP (3m)
2025-10-12 18:53:59,424 [INFO] 📊 Price=3819.2200 | Short SAR=nan | Long SAR=3813.2200
2025-10-12 18:53:59,427 [INFO] Strategy check signal=None reason=short_sig=None, trend_up=False, trend_down=False
2025-10-12 18:53:59,428 [INFO] No aligned signal. Sleeping 10 seconds.
2025-10-12 18:54:11,567 [INFO] Fetched 100 candles for ETH-USDT-SWAP (1m)
2025-10-12 18:54:13,740 [INFO] Fetched 200 candles for ETH-USDT-SWAP (3m)
2025-10-12 18:54:15,879 [INFO] 📊 Price=3818.2700 | Short SAR=nan | Long SAR=3813.4954
2025-10-12 18:54:15,883 [INFO] Strategy check signal=None reason=short_sig=None, trend_up=False, trend_down=False
2025-10-12 18:54:15,884 [INFO] No aligned signal. Sleeping 10 seconds.
2025-10-12 18:54:27,997 [INFO] Fetched 100 candles for ETH-USDT-SWAP (1m)
2025-10-12 18:54:29,888 [INFO] Console thread exiting.
2025-10-12 18:54:30,352 [INFO] Fetched 200 candles for ETH-USDT-SWAP (3m)
2025-10-12 18:54:32,295 [INFO] 📊 Price=3818.3800 | Short SAR=nan | Long SAR=3813.4954
2025-10-12 18:54:32,300 [INFO] Strategy check signal=None reason=short_sig=None, trend_up=False, trend_down=False
2025-10-12 18:54:32,300 [INFO] No aligned signal. Sleeping 10 seconds.
2025-10-12 18:54:42,301 [INFO] Exit requested. Shutting down.
2025-10-12 18:54:42,301 [INFO] NOTIFY: Bot stopped (script exit).
2025-10-12 18:54:42,302 [INFO] Telegram not configured; message: Bot stopped (script exit).
2025-10-12 19:03:49,275 [INFO] Connectivity test HTTP 200
2025-10-12 19:03:49,276 [INFO] Console ready. Type: start / stop / status / reset_losses / exit
2025-10-12 19:03:49,276 [INFO] Bot started (demo-mode). INST=ETH-USDT-SWAP LEVERAGE=3x PHP_PER_TRADE=100000
2025-10-12 19:03:53,280 [INFO] Bot set to RUNNING.
2025-10-12 19:03:55,759 [INFO] Fetched 300 candles for ETH-USDT-SWAP (1m)
2025-10-12 19:03:58,411 [INFO] Fetched 300 candles for ETH-USDT-SWAP (3m)
2025-10-12 19:04:00,579 [INFO] 📊 Price=3815.5700 | Short SAR=nan | Long SAR=3814.2890
2025-10-12 19:04:00,585 [INFO] Strategy check signal=None reason=short_sig=None, trend_up=False, trend_down=False
2025-10-12 19:04:00,585 [INFO] No aligned signal. Sleeping 10 seconds.
2025-10-12 19:04:12,750 [INFO] Fetched 300 candles for ETH-USDT-SWAP (1m)
2025-10-12 19:04:15,326 [INFO] Fetched 300 candles for ETH-USDT-SWAP (3m)
2025-10-12 19:04:17,563 [INFO] 📊 Price=3814.5900 | Short SAR=nan | Long SAR=3814.2890
2025-10-12 19:04:17,568 [INFO] Strategy check signal=None reason=short_sig=None, trend_up=False, trend_down=False
2025-10-12 19:04:17,569 [INFO] No aligned signal. Sleeping 10 seconds.
2025-10-12 19:04:29,876 [INFO] Fetched 300 candles for ETH-USDT-SWAP (1m)
2025-10-12 19:04:32,135 [INFO] Fetched 300 candles for ETH-USDT-SWAP (3m)
2025-10-12 19:04:34,254 [INFO] 📊 Price=3814.2800 | Short SAR=nan | Long SAR=nan
2025-10-12 19:04:34,258 [INFO] Strategy check signal=None reason=short_sig=None, trend_up=False, trend_down=False
2025-10-12 19:04:34,258 [INFO] No aligned signal. Sleeping 10 seconds.
2025-10-12 19:04:46,893 [INFO] Fetched 300 candles for ETH-USDT-SWAP (1m)
2025-10-12 19:04:49,313 [INFO] Fetched 300 candles for ETH-USDT-SWAP (3m)
2025-10-12 19:04:51,881 [INFO] 📊 Price=3817.0700 | Short SAR=nan | Long SAR=nan
2025-10-12 19:04:51,887 [INFO] Strategy check signal=None reason=short_sig=None, trend_up=False, trend_down=False
2025-10-12 19:04:51,887 [INFO] No aligned signal. Sleeping 10 seconds.
2025-10-12 19:05:04,072 [INFO] Fetched 300 candles for ETH-USDT-SWAP (1m)
2025-10-12 19:05:06,604 [INFO] Fetched 300 candles for ETH-USDT-SWAP (3m)
2025-10-12 19:05:09,051 [INFO] 📊 Price=3816.2000 | Short SAR=nan | Long SAR=nan
2025-10-12 19:05:09,057 [INFO] Strategy check signal=None reason=short_sig=None, trend_up=False, trend_down=False
2025-10-12 19:05:09,059 [INFO] No aligned signal. Sleeping 10 seconds.
2025-10-12 19:05:21,282 [INFO] Fetched 300 candles for ETH-USDT-SWAP (1m)
2025-10-12 19:05:23,735 [INFO] Fetched 300 candles for ETH-USDT-SWAP (3m)
2025-10-12 19:05:25,850 [INFO] 📊 Price=3817.4100 | Short SAR=nan | Long SAR=nan
2025-10-12 19:05:25,854 [INFO] Strategy check signal=None reason=short_sig=None, trend_up=False, trend_down=False
2025-10-12 19:05:25,855 [INFO] No aligned signal. Sleeping 10 seconds.
2025-10-12 19:05:39,924 [INFO] Fetched 300 candles for ETH-USDT-SWAP (1m)
2025-10-12 19:05:42,204 [INFO] Fetched 300 candles for ETH-USDT-SWAP (3m)
2025-10-12 19:05:44,220 [INFO] 📊 Price=3817.5100 | Short SAR=nan | Long SAR=nan
2025-10-12 19:05:44,224 [INFO] Strategy check signal=None reason=short_sig=None, trend_up=False, trend_down=False
2025-10-12 19:05:44,225 [INFO] No aligned signal. Sleeping 10 seconds.
2025-10-12 19:05:56,225 [INFO] Fetched 300 candles for ETH-USDT-SWAP (1m)
2025-10-12 19:05:58,912 [INFO] Fetched 300 candles for ETH-USDT-SWAP (3m)
2025-10-12 19:06:00,979 [INFO] 📊 Price=3817.2700 | Short SAR=nan | Long SAR=nan
2025-10-12 19:06:00,984 [INFO] Strategy check signal=None reason=short_sig=None, trend_up=False, trend_down=False
2025-10-12 19:06:00,985 [INFO] No aligned signal. Sleeping 10 seconds.
2025-10-12 19:06:14,217 [INFO] Fetched 300 candles for ETH-USDT-SWAP (1m)
2025-10-12 19:06:17,405 [INFO] Fetched 300 candles for ETH-USDT-SWAP (3m)
2025-10-12 19:06:20,454 [INFO] 📊 Price=3819.9000 | Short SAR=nan | Long SAR=nan
2025-10-12 19:06:20,459 [INFO] Strategy check signal=None reason=short_sig=None, trend_up=False, trend_down=False
2025-10-12 19:06:20,460 [INFO] No aligned signal. Sleeping 10 seconds.
2025-10-12 19:06:32,827 [INFO] Fetched 300 candles for ETH-USDT-SWAP (1m)
2025-10-12 19:06:35,154 [INFO] Fetched 300 candles for ETH-USDT-SWAP (3m)
2025-10-12 19:06:37,297 [INFO] 📊 Price=3821.9200 | Short SAR=3812.4800 | Long SAR=nan
2025-10-12 19:06:37,302 [INFO] Strategy check signal=None reason=short_sig=None, trend_up=False, trend_down=False
2025-10-12 19:06:37,302 [INFO] No aligned signal. Sleeping 10 seconds.
2025-10-12 19:06:49,451 [INFO] Fetched 300 candles for ETH-USDT-SWAP (1m)
2025-10-12 19:06:51,758 [INFO] Fetched 300 candles for ETH-USDT-SWAP (3m)
2025-10-12 19:06:54,556 [INFO] 📊 Price=3822.6100 | Short SAR=3812.4800 | Long SAR=nan
2025-10-12 19:06:54,562 [INFO] Strategy check signal=None reason=short_sig=None, trend_up=False, trend_down=False
2025-10-12 19:06:54,562 [INFO] No aligned signal. Sleeping 10 seconds.
2025-10-12 19:07:06,782 [INFO] Fetched 300 candles for ETH-USDT-SWAP (1m)
2025-10-12 19:07:09,089 [INFO] Fetched 300 candles for ETH-USDT-SWAP (3m)
2025-10-12 19:07:12,177 [INFO] 📊 Price=3825.0000 | Short SAR=3812.6828 | Long SAR=nan
2025-10-12 19:07:12,181 [INFO] Strategy check signal=None reason=short_sig=None, trend_up=False, trend_down=False
2025-10-12 19:07:12,182 [INFO] No aligned signal. Sleeping 10 seconds.
2025-10-12 19:07:24,249 [INFO] Fetched 300 candles for ETH-USDT-SWAP (1m)
2025-10-12 19:07:26,830 [INFO] Fetched 300 candles for ETH-USDT-SWAP (3m)
2025-10-12 19:07:28,948 [INFO] 📊 Price=3826.7500 | Short SAR=3812.6828 | Long SAR=nan
2025-10-12 19:07:28,953 [INFO] Strategy check signal=None reason=short_sig=None, trend_up=False, trend_down=False
2025-10-12 19:07:28,953 [INFO] No aligned signal. Sleeping 10 seconds.
2025-10-12 19:07:41,063 [INFO] Fetched 300 candles for ETH-USDT-SWAP (1m)
2025-10-12 19:07:43,470 [INFO] Fetched 300 candles for ETH-USDT-SWAP (3m)
2025-10-12 19:07:45,656 [INFO] 📊 Price=3830.0100 | Short SAR=3812.6828 | Long SAR=3812.4800
2025-10-12 19:07:45,664 [INFO] Strategy check signal=None reason=short_sig=None, trend_up=True, trend_down=False
2025-10-12 19:07:45,664 [INFO] No aligned signal. Sleeping 10 seconds.
2025-10-12 19:07:57,762 [INFO] Fetched 300 candles for ETH-USDT-SWAP (1m)
2025-10-12 19:08:00,107 [INFO] Fetched 300 candles for ETH-USDT-SWAP (3m)
2025-10-12 19:08:02,242 [INFO] 📊 Price=3831.4000 | Short SAR=3812.6828 | Long SAR=3812.4800
2025-10-12 19:08:02,246 [INFO] Strategy check signal=None reason=short_sig=None, trend_up=True, trend_down=False
2025-10-12 19:08:02,246 [INFO] No aligned signal. Sleeping 10 seconds.
2025-10-12 19:08:14,547 [INFO] Fetched 300 candles for ETH-USDT-SWAP (1m)
2025-10-12 19:08:16,757 [INFO] Fetched 300 candles for ETH-USDT-SWAP (3m)
2025-10-12 19:08:19,153 [INFO] 📊 Price=3828.8700 | Short SAR=3813.4479 | Long SAR=3812.4800
2025-10-12 19:08:19,157 [INFO] Strategy check signal=None reason=short_sig=None, trend_up=True, trend_down=False
2025-10-12 19:08:19,157 [INFO] No aligned signal. Sleeping 10 seconds.
2025-10-12 19:08:31,397 [INFO] Fetched 300 candles for ETH-USDT-SWAP (1m)
2025-10-12 19:08:33,594 [INFO] Fetched 300 candles for ETH-USDT-SWAP (3m)
2025-10-12 19:08:36,156 [INFO] 📊 Price=3828.0500 | Short SAR=3813.4479 | Long SAR=3812.4800
2025-10-12 19:08:36,160 [INFO] Strategy check signal=None reason=short_sig=None, trend_up=True, trend_down=False
2025-10-12 19:08:36,160 [INFO] No aligned signal. Sleeping 10 seconds.
2025-10-12 19:08:48,842 [INFO] Fetched 300 candles for ETH-USDT-SWAP (1m)
2025-10-12 19:08:51,417 [INFO] Fetched 300 candles for ETH-USDT-SWAP (3m)
2025-10-12 19:08:53,977 [INFO] 📊 Price=3828.7900 | Short SAR=3813.4479 | Long SAR=3812.4800
2025-10-12 19:08:53,982 [INFO] Strategy check signal=None reason=short_sig=None, trend_up=True, trend_down=False
2025-10-12 19:08:53,982 [INFO] No aligned signal. Sleeping 10 seconds.
2025-10-12 19:09:07,105 [INFO] Fetched 300 candles for ETH-USDT-SWAP (1m)
2025-10-12 19:09:09,651 [INFO] Fetched 300 candles for ETH-USDT-SWAP (3m)
2025-10-12 19:09:11,884 [INFO] 📊 Price=3827.0800 | Short SAR=3814.1824 | Long SAR=3812.8666
2025-10-12 19:09:11,889 [INFO] Strategy check signal=None reason=short_sig=None, trend_up=True, trend_down=False
2025-10-12 19:09:11,890 [INFO] No aligned signal. Sleeping 10 seconds.
2025-10-12 19:09:24,013 [INFO] Fetched 300 candles for ETH-USDT-SWAP (1m)
2025-10-12 19:09:26,339 [INFO] Fetched 300 candles for ETH-USDT-SWAP (3m)
2025-10-12 19:09:28,674 [INFO] 📊 Price=3829.1100 | Short SAR=3814.1824 | Long SAR=3812.8666
2025-10-12 19:09:28,678 [INFO] Strategy check signal=None reason=short_sig=None, trend_up=True, trend_down=False
2025-10-12 19:09:28,679 [INFO] No aligned signal. Sleeping 10 seconds.
2025-10-12 19:09:40,876 [INFO] Fetched 300 candles for ETH-USDT-SWAP (1m)
2025-10-12 19:09:43,190 [INFO] Fetched 300 candles for ETH-USDT-SWAP (3m)
2025-10-12 19:09:45,272 [INFO] 📊 Price=3830.9800 | Short SAR=3814.1824 | Long SAR=3812.8666
2025-10-12 19:09:45,276 [INFO] Strategy check signal=None reason=short_sig=None, trend_up=True, trend_down=False
2025-10-12 19:09:45,277 [INFO] No aligned signal. Sleeping 10 seconds.
2025-10-12 19:09:57,467 [INFO] Fetched 300 candles for ETH-USDT-SWAP (1m)
2025-10-12 19:09:59,959 [INFO] Fetched 300 candles for ETH-USDT-SWAP (3m)
2025-10-12 19:10:02,253 [INFO] 📊 Price=3829.2700 | Short SAR=3814.1824 | Long SAR=3812.8666
2025-10-12 19:10:02,257 [INFO] Strategy check signal=None reason=short_sig=None, trend_up=True, trend_down=False
2025-10-12 19:10:02,258 [INFO] No aligned signal. Sleeping 10 seconds.
2025-10-12 19:10:14,880 [INFO] Fetched 300 candles for ETH-USDT-SWAP (1m)
2025-10-12 19:10:17,251 [INFO] Fetched 300 candles for ETH-USDT-SWAP (3m)
2025-10-12 19:10:20,305 [INFO] 📊 Price=3828.5100 | Short SAR=3814.8875 | Long SAR=3812.8666
2025-10-12 19:10:20,310 [INFO] Strategy check signal=None reason=short_sig=None, trend_up=True, trend_down=False
2025-10-12 19:10:20,310 [INFO] No aligned signal. Sleeping 10 seconds.
2025-10-12 19:10:32,497 [INFO] Fetched 300 candles for ETH-USDT-SWAP (1m)
2025-10-12 19:10:34,743 [INFO] Fetched 300 candles for ETH-USDT-SWAP (3m)
2025-10-12 19:10:36,763 [INFO] 📊 Price=3827.7900 | Short SAR=3814.8875 | Long SAR=3812.8666
2025-10-12 19:10:36,768 [INFO] Strategy check signal=None reason=short_sig=None, trend_up=True, trend_down=False
2025-10-12 19:10:36,768 [INFO] No aligned signal. Sleeping 10 seconds.
2025-10-12 19:10:48,915 [INFO] Fetched 300 candles for ETH-USDT-SWAP (1m)
2025-10-12 19:10:51,010 [INFO] Fetched 300 candles for ETH-USDT-SWAP (3m)
2025-10-12 19:10:52,855 [INFO] 📊 Price=3826.6700 | Short SAR=3814.8875 | Long SAR=3812.8666
2025-10-12 19:10:52,859 [INFO] Strategy check signal=None reason=short_sig=None, trend_up=True, trend_down=False
2025-10-12 19:10:52,860 [INFO] No aligned signal. Sleeping 10 seconds.
2025-10-12 19:11:05,042 [INFO] Fetched 300 candles for ETH-USDT-SWAP (1m)
2025-10-12 19:11:07,385 [INFO] Fetched 300 candles for ETH-USDT-SWAP (3m)
2025-10-12 19:11:09,462 [INFO] 📊 Price=3825.9100 | Short SAR=3815.5644 | Long SAR=3812.8666
2025-10-12 19:11:09,468 [INFO] Strategy check signal=None reason=short_sig=None, trend_up=True, trend_down=False
2025-10-12 19:11:09,468 [INFO] No aligned signal. Sleeping 10 seconds.
2025-10-12 19:11:21,528 [INFO] Fetched 300 candles for ETH-USDT-SWAP (1m)
2025-10-12 19:11:23,884 [INFO] Fetched 300 candles for ETH-USDT-SWAP (3m)
2025-10-12 19:11:26,121 [INFO] 📊 Price=3824.6900 | Short SAR=3815.5644 | Long SAR=3812.8666
2025-10-12 19:11:26,126 [INFO] Strategy check signal=None reason=short_sig=None, trend_up=True, trend_down=False
2025-10-12 19:11:26,126 [INFO] No aligned signal. Sleeping 10 seconds.
2025-10-12 19:11:38,216 [INFO] Fetched 300 candles for ETH-USDT-SWAP (1m)
2025-10-12 19:11:40,694 [INFO] Fetched 300 candles for ETH-USDT-SWAP (3m)
2025-10-12 19:11:42,743 [INFO] 📊 Price=3824.4000 | Short SAR=3815.5644 | Long SAR=3812.8666
2025-10-12 19:11:42,748 [INFO] Strategy check signal=None reason=short_sig=None, trend_up=True, trend_down=False
2025-10-12 19:11:42,748 [INFO] No aligned signal. Sleeping 10 seconds.
2025-10-12 19:11:55,131 [INFO] Fetched 300 candles for ETH-USDT-SWAP (1m)
2025-10-12 19:11:57,595 [INFO] Fetched 300 candles for ETH-USDT-SWAP (3m)
2025-10-12 19:11:59,839 [INFO] 📊 Price=3825.8400 | Short SAR=3815.5644 | Long SAR=3812.8666
2025-10-12 19:11:59,844 [INFO] Strategy check signal=None reason=short_sig=None, trend_up=True, trend_down=False
2025-10-12 19:11:59,844 [INFO] No aligned signal. Sleeping 10 seconds.
2025-10-12 19:12:12,236 [INFO] Fetched 300 candles for ETH-USDT-SWAP (1m)
2025-10-12 19:12:14,459 [INFO] Fetched 300 candles for ETH-USDT-SWAP (3m)
2025-10-12 19:12:16,597 [INFO] 📊 Price=3825.6400 | Short SAR=3816.2142 | Long SAR=3813.2455
2025-10-12 19:12:16,602 [INFO] Strategy check signal=None reason=short_sig=None, trend_up=True, trend_down=False
2025-10-12 19:12:16,603 [INFO] No aligned signal. Sleeping 10 seconds.
2025-10-12 19:12:28,708 [INFO] Fetched 300 candles for ETH-USDT-SWAP (1m)
2025-10-12 19:12:31,486 [INFO] Fetched 300 candles for ETH-USDT-SWAP (3m)
2025-10-12 19:12:33,758 [INFO] 📊 Price=3827.3100 | Short SAR=3816.2142 | Long SAR=3813.2455
2025-10-12 19:12:33,764 [INFO] Strategy check signal=None reason=short_sig=None, trend_up=True, trend_down=False
2025-10-12 19:12:33,764 [INFO] No aligned signal. Sleeping 10 seconds.
2025-10-12 19:12:46,781 [INFO] Fetched 300 candles for ETH-USDT-SWAP (1m)
2025-10-12 19:12:48,854 [INFO] Fetched 300 candles for ETH-USDT-SWAP (3m)
2025-10-12 19:12:50,735 [INFO] 📊 Price=3828.5000 | Short SAR=3816.2142 | Long SAR=3813.2455
2025-10-12 19:12:50,739 [INFO] Strategy check signal=None reason=short_sig=None, trend_up=True, trend_down=False
2025-10-12 19:12:50,740 [INFO] No aligned signal. Sleeping 10 seconds.
2025-10-12 19:13:02,890 [INFO] Fetched 300 candles for ETH-USDT-SWAP (1m)
2025-10-12 19:13:06,506 [INFO] Fetched 300 candles for ETH-USDT-SWAP (3m)
2025-10-12 19:13:08,569 [INFO] 📊 Price=3828.5000 | Short SAR=3816.8380 | Long SAR=3813.2455
2025-10-12 19:13:08,574 [INFO] Strategy check signal=None reason=short_sig=None, trend_up=True, trend_down=False
2025-10-12 19:13:08,574 [INFO] No aligned signal. Sleeping 10 seconds.
2025-10-12 19:13:20,850 [INFO] Fetched 300 candles for ETH-USDT-SWAP (1m)
2025-10-12 19:13:23,084 [INFO] Fetched 300 candles for ETH-USDT-SWAP (3m)
2025-10-12 19:13:25,250 [INFO] 📊 Price=3828.7700 | Short SAR=3816.8380 | Long SAR=3813.2455
2025-10-12 19:13:25,255 [INFO] Strategy check signal=None reason=short_sig=None, trend_up=True, trend_down=False
2025-10-12 19:13:25,255 [INFO] No aligned signal. Sleeping 10 seconds.
2025-10-12 19:13:37,316 [INFO] Fetched 300 candles for ETH-USDT-SWAP (1m)
2025-10-12 19:13:39,688 [INFO] Fetched 300 candles for ETH-USDT-SWAP (3m)
2025-10-12 19:13:41,839 [INFO] 📊 Price=3829.6300 | Short SAR=3816.8380 | Long SAR=3813.2455
2025-10-12 19:13:41,844 [INFO] Strategy check signal=None reason=short_sig=None, trend_up=True, trend_down=False
2025-10-12 19:13:41,845 [INFO] No aligned signal. Sleeping 10 seconds.
2025-10-12 19:13:54,038 [INFO] Fetched 300 candles for ETH-USDT-SWAP (1m)
2025-10-12 19:13:56,188 [INFO] Fetched 300 candles for ETH-USDT-SWAP (3m)
2025-10-12 19:13:58,311 [INFO] 📊 Price=3830.0000 | Short SAR=3816.8380 | Long SAR=3813.2455
2025-10-12 19:13:58,315 [INFO] Strategy check signal=None reason=short_sig=None, trend_up=True, trend_down=False
2025-10-12 19:13:58,316 [INFO] No aligned signal. Sleeping 10 seconds.
2025-10-12 19:14:10,414 [INFO] Fetched 300 candles for ETH-USDT-SWAP (1m)
2025-10-12 19:14:12,584 [INFO] Fetched 300 candles for ETH-USDT-SWAP (3m)
2025-10-12 19:14:15,099 [INFO] 📊 Price=3829.8100 | Short SAR=3817.4369 | Long SAR=3813.2455
2025-10-12 19:14:15,105 [INFO] Strategy check signal=None reason=short_sig=None, trend_up=True, trend_down=False
2025-10-12 19:14:15,105 [INFO] No aligned signal. Sleeping 10 seconds.
2025-10-12 19:14:27,160 [INFO] Fetched 300 candles for ETH-USDT-SWAP (1m)
2025-10-12 19:14:29,381 [INFO] Fetched 300 candles for ETH-USDT-SWAP (3m)
2025-10-12 19:14:31,397 [INFO] 📊 Price=3829.1700 | Short SAR=3817.4369 | Long SAR=3813.2455
2025-10-12 19:14:31,402 [INFO] Strategy check signal=None reason=short_sig=None, trend_up=True, trend_down=False
2025-10-12 19:14:31,402 [INFO] No aligned signal. Sleeping 10 seconds.
2025-10-12 19:14:43,539 [INFO] Fetched 300 candles for ETH-USDT-SWAP (1m)
2025-10-12 19:14:45,641 [INFO] Fetched 300 candles for ETH-USDT-SWAP (3m)
2025-10-12 19:14:47,696 [INFO] 📊 Price=3827.4700 | Short SAR=3817.4369 | Long SAR=3813.2455
2025-10-12 19:14:47,700 [INFO] Strategy check signal=None reason=short_sig=None, trend_up=True, trend_down=False
2025-10-12 19:14:47,700 [INFO] No aligned signal. Sleeping 10 seconds.
2025-10-12 19:14:53,974 [INFO] Console thread exiting.
2025-10-12 19:14:57,701 [INFO] Bot PAUSED.
2025-10-12 19:14:58,703 [INFO] Exit requested. Shutting down.
2025-10-12 19:14:58,703 [INFO] NOTIFY: Bot stopped (script exit).
2025-10-12 19:14:58,704 [INFO] Telegram not configured; message: Bot stopped (script exit).
2025-10-12 19:23:00,477 [INFO] Connectivity test HTTP 200
2025-10-12 19:23:00,478 [INFO] Console ready. Type: start / stop / status / reset_losses / exit
2025-10-12 19:23:00,479 [INFO] Bot started (demo-mode). INST=ETH-USDT-SWAP LEVERAGE=3x PHP_PER_TRADE=100000
2025-10-12 19:23:08,483 [INFO] Bot set to RUNNING.
2025-10-12 19:23:10,803 [INFO] Fetched 300 candles for ETH-USDT-SWAP (1m)
2025-10-12 19:23:13,402 [INFO] Fetched 300 candles for ETH-USDT-SWAP (3m)
2025-10-12 19:23:15,463 [INFO] 📊 Price=3814.8700 | Short SAR=nan | Long SAR=nan
2025-10-12 19:23:15,468 [INFO] Strategy check signal=None reason=short_sig=None, trend_up=False, trend_down=False
2025-10-12 19:23:15,468 [INFO] No aligned signal. Sleeping 10 seconds.
2025-10-12 19:23:27,649 [INFO] Fetched 300 candles for ETH-USDT-SWAP (1m)
2025-10-12 19:23:30,188 [INFO] Fetched 300 candles for ETH-USDT-SWAP (3m)
2025-10-12 19:23:32,380 [INFO] 📊 Price=3815.3600 | Short SAR=nan | Long SAR=nan
2025-10-12 19:23:32,385 [INFO] Strategy check signal=None reason=short_sig=None, trend_up=False, trend_down=False
2025-10-12 19:23:32,385 [INFO] No aligned signal. Sleeping 10 seconds.
2025-10-12 19:23:44,729 [INFO] Fetched 300 candles for ETH-USDT-SWAP (1m)
2025-10-12 19:23:47,589 [INFO] Fetched 300 candles for ETH-USDT-SWAP (3m)
2025-10-12 19:23:52,626 [INFO] 📊 Price=3815.0100 | Short SAR=nan | Long SAR=nan
2025-10-12 19:23:52,631 [INFO] Strategy check signal=None reason=short_sig=None, trend_up=False, trend_down=False
2025-10-12 19:23:52,632 [INFO] No aligned signal. Sleeping 10 seconds.
2025-10-12 19:24:05,240 [INFO] Fetched 300 candles for ETH-USDT-SWAP (1m)
2025-10-12 19:24:08,795 [INFO] Fetched 300 candles for ETH-USDT-SWAP (3m)
2025-10-12 19:24:12,552 [INFO] 📊 Price=3814.6400 | Short SAR=nan | Long SAR=nan
2025-10-12 19:24:12,558 [INFO] Strategy check signal=None reason=short_sig=None, trend_up=False, trend_down=False
2025-10-12 19:24:12,558 [INFO] No aligned signal. Sleeping 10 seconds.
2025-10-12 19:24:28,983 [INFO] Fetched 300 candles for ETH-USDT-SWAP (1m)
2025-10-12 19:24:32,560 [INFO] Fetched 300 candles for ETH-USDT-SWAP (3m)
2025-10-12 19:24:35,497 [INFO] 📊 Price=3814.1600 | Short SAR=nan | Long SAR=nan
2025-10-12 19:24:35,502 [INFO] Strategy check signal=None reason=short_sig=None, trend_up=False, trend_down=False
2025-10-12 19:24:35,502 [INFO] No aligned signal. Sleeping 10 seconds.
2025-10-12 19:24:48,837 [INFO] Fetched 300 candles for ETH-USDT-SWAP (1m)
2025-10-12 19:24:52,661 [INFO] Fetched 300 candles for ETH-USDT-SWAP (3m)
2025-10-12 19:24:55,683 [INFO] 📊 Price=3814.9800 | Short SAR=nan | Long SAR=nan
2025-10-12 19:24:55,687 [INFO] Strategy check signal=None reason=short_sig=None, trend_up=False, trend_down=False
2025-10-12 19:24:55,687 [INFO] No aligned signal. Sleeping 10 seconds.
2025-10-12 19:25:09,043 [INFO] Fetched 300 candles for ETH-USDT-SWAP (1m)
2025-10-12 19:25:12,422 [INFO] Fetched 300 candles for ETH-USDT-SWAP (3m)
2025-10-12 19:25:16,044 [INFO] 📊 Price=3815.5400 | Short SAR=nan | Long SAR=nan
2025-10-12 19:25:16,049 [INFO] Strategy check signal=None reason=short_sig=None, trend_up=False, trend_down=False
2025-10-12 19:25:16,049 [INFO] No aligned signal. Sleeping 10 seconds.
2025-10-12 19:25:30,380 [INFO] Fetched 300 candles for ETH-USDT-SWAP (1m)
2025-10-12 19:25:33,983 [INFO] Fetched 300 candles for ETH-USDT-SWAP (3m)
2025-10-12 19:25:38,260 [INFO] 📊 Price=3819.3100 | Short SAR=nan | Long SAR=nan
2025-10-12 19:25:38,264 [INFO] Strategy check signal=None reason=short_sig=None, trend_up=False, trend_down=False
2025-10-12 19:25:38,264 [INFO] No aligned signal. Sleeping 10 seconds.
2025-10-12 19:25:51,549 [INFO] Fetched 300 candles for ETH-USDT-SWAP (1m)
2025-10-12 19:25:55,397 [INFO] Fetched 300 candles for ETH-USDT-SWAP (3m)
2025-10-12 19:25:58,143 [INFO] 📊 Price=3819.8100 | Short SAR=nan | Long SAR=nan
2025-10-12 19:25:58,147 [INFO] Strategy check signal=None reason=short_sig=None, trend_up=False, trend_down=False
2025-10-12 19:25:58,148 [INFO] No aligned signal. Sleeping 10 seconds.
2025-10-12 19:26:11,713 [INFO] Fetched 300 candles for ETH-USDT-SWAP (1m)
2025-10-12 19:26:15,434 [INFO] Fetched 300 candles for ETH-USDT-SWAP (3m)
2025-10-12 19:26:19,430 [INFO] 📊 Price=3817.4100 | Short SAR=3813.2223 | Long SAR=nan
2025-10-12 19:26:19,434 [INFO] Strategy check signal=None reason=short_sig=None, trend_up=False, trend_down=False
2025-10-12 19:26:19,435 [INFO] No aligned signal. Sleeping 10 seconds.
2025-10-12 19:26:32,297 [INFO] Fetched 300 candles for ETH-USDT-SWAP (1m)
2025-10-12 19:26:35,371 [INFO] Fetched 300 candles for ETH-USDT-SWAP (3m)
2025-10-12 19:26:38,589 [INFO] 📊 Price=3817.4100 | Short SAR=3813.2223 | Long SAR=nan
2025-10-12 19:26:38,594 [INFO] Strategy check signal=None reason=short_sig=None, trend_up=False, trend_down=False
2025-10-12 19:26:38,595 [INFO] No aligned signal. Sleeping 10 seconds.
2025-10-12 19:26:52,145 [INFO] Fetched 300 candles for ETH-USDT-SWAP (1m)
2025-10-12 19:26:55,185 [INFO] Fetched 300 candles for ETH-USDT-SWAP (3m)
2025-10-12 19:26:58,860 [INFO] 📊 Price=3815.5100 | Short SAR=3813.2223 | Long SAR=nan
2025-10-12 19:26:58,865 [INFO] Strategy check signal=None reason=short_sig=None, trend_up=False, trend_down=False
2025-10-12 19:26:58,865 [INFO] No aligned signal. Sleeping 10 seconds.
2025-10-12 19:27:11,439 [INFO] Fetched 300 candles for ETH-USDT-SWAP (1m)
2025-10-12 19:27:14,137 [INFO] Fetched 300 candles for ETH-USDT-SWAP (3m)
2025-10-12 19:27:16,671 [INFO] 📊 Price=3816.9000 | Short SAR=3813.4379 | Long SAR=nan
2025-10-12 19:27:16,677 [INFO] Strategy check signal=None reason=short_sig=None, trend_up=False, trend_down=False
2025-10-12 19:27:16,677 [INFO] No aligned signal. Sleeping 10 seconds.
2025-10-12 19:27:29,099 [INFO] Fetched 300 candles for ETH-USDT-SWAP (1m)
2025-10-12 19:27:31,657 [INFO] Fetched 300 candles for ETH-USDT-SWAP (3m)
2025-10-12 19:27:33,922 [INFO] 📊 Price=3818.3900 | Short SAR=3813.4379 | Long SAR=nan
2025-10-12 19:27:33,927 [INFO] Strategy check signal=None reason=short_sig=None, trend_up=False, trend_down=False
2025-10-12 19:27:33,927 [INFO] No aligned signal. Sleeping 10 seconds.
2025-10-12 19:27:46,304 [INFO] Fetched 300 candles for ETH-USDT-SWAP (1m)
2025-10-12 19:27:48,948 [INFO] Fetched 300 candles for ETH-USDT-SWAP (3m)
2025-10-12 19:27:51,161 [INFO] 📊 Price=3818.0100 | Short SAR=3813.4379 | Long SAR=nan
2025-10-12 19:27:51,167 [INFO] Strategy check signal=None reason=short_sig=None, trend_up=False, trend_down=False
2025-10-12 19:27:51,167 [INFO] No aligned signal. Sleeping 10 seconds.
2025-10-12 19:28:03,513 [INFO] Fetched 300 candles for ETH-USDT-SWAP (1m)
2025-10-12 19:28:05,953 [INFO] Fetched 300 candles for ETH-USDT-SWAP (3m)
2025-10-12 19:28:08,495 [INFO] 📊 Price=3815.3900 | Short SAR=3813.6471 | Long SAR=nan
2025-10-12 19:28:08,501 [INFO] Strategy check signal=None reason=short_sig=None, trend_up=False, trend_down=False
2025-10-12 19:28:08,501 [INFO] No aligned signal. Sleeping 10 seconds.
2025-10-12 19:28:20,879 [INFO] Fetched 300 candles for ETH-USDT-SWAP (1m)
2025-10-12 19:28:23,483 [INFO] Fetched 300 candles for ETH-USDT-SWAP (3m)
2025-10-12 19:28:25,837 [INFO] 📊 Price=3817.6000 | Short SAR=3813.6471 | Long SAR=nan
2025-10-12 19:28:25,841 [INFO] Strategy check signal=None reason=short_sig=None, trend_up=False, trend_down=False
2025-10-12 19:28:25,842 [INFO] No aligned signal. Sleeping 10 seconds.
2025-10-12 19:28:38,375 [INFO] Fetched 300 candles for ETH-USDT-SWAP (1m)
2025-10-12 19:28:40,656 [INFO] Fetched 300 candles for ETH-USDT-SWAP (3m)
2025-10-12 19:28:42,912 [INFO] 📊 Price=3818.1000 | Short SAR=3813.6471 | Long SAR=nan
2025-10-12 19:28:42,917 [INFO] Strategy check signal=None reason=short_sig=None, trend_up=False, trend_down=False
2025-10-12 19:28:42,917 [INFO] No aligned signal. Sleeping 10 seconds.
2025-10-12 19:28:55,157 [INFO] Fetched 300 candles for ETH-USDT-SWAP (1m)
2025-10-12 19:28:57,668 [INFO] Fetched 300 candles for ETH-USDT-SWAP (3m)
2025-10-12 19:29:00,015 [INFO] 📊 Price=3818.4000 | Short SAR=3813.6471 | Long SAR=nan
2025-10-12 19:29:00,023 [INFO] Strategy check signal=None reason=short_sig=None, trend_up=False, trend_down=False
2025-10-12 19:29:00,023 [INFO] No aligned signal. Sleeping 10 seconds.
2025-10-12 19:29:12,629 [INFO] Fetched 300 candles for ETH-USDT-SWAP (1m)
2025-10-12 19:29:15,595 [INFO] Fetched 300 candles for ETH-USDT-SWAP (3m)
2025-10-12 19:29:18,282 [INFO] 📊 Price=3819.3600 | Short SAR=3813.8500 | Long SAR=nan
2025-10-12 19:29:18,286 [INFO] Strategy check signal=None reason=short_sig=None, trend_up=False, trend_down=False
2025-10-12 19:29:18,286 [INFO] No aligned signal. Sleeping 10 seconds.
2025-10-12 19:29:28,006 [INFO] Console thread exiting.
2025-10-12 19:29:28,287 [INFO] Unknown command: stp[
2025-10-12 19:29:30,753 [INFO] Fetched 300 candles for ETH-USDT-SWAP (1m)
2025-10-12 19:29:33,345 [INFO] Fetched 300 candles for ETH-USDT-SWAP (3m)
2025-10-12 19:29:35,656 [INFO] 📊 Price=3819.8900 | Short SAR=3813.8500 | Long SAR=nan
2025-10-12 19:29:35,662 [INFO] Strategy check signal=None reason=short_sig=None, trend_up=False, trend_down=False
2025-10-12 19:29:35,663 [INFO] No aligned signal. Sleeping 10 seconds.
2025-10-12 19:29:45,663 [INFO] Bot PAUSED.
2025-10-12 19:29:46,665 [INFO] Exit requested. Shutting down.
2025-10-12 19:29:46,666 [INFO] NOTIFY: Bot stopped (script exit).
2025-10-12 19:29:46,667 [INFO] Telegram not configured; message: Bot stopped (script exit).
